Aug 15, 2011 12:07:09 AM org.apache.coyote.http11.Http11AprProtocol pause
INFO: Pausing Coyote HTTP/1.1 on http-8080
Aug 15, 2011 12:07:09 AM org.apache.coyote.ajp.AjpAprProtocol pause
INFO: Pausing Coyote AJP/1.3 on ajp-8009
Aug 15, 2011 12:07:10 AM org.apache.catalina.core.StandardService stop
INFO: Stopping service Catalina
Aug 15, 2011 12:07:10 AM org.apache.coyote.http11.Http11AprProtocol destroy
INFO: Stopping Coyote HTTP/1.1 on http-8080
Aug 15, 2011 12:07:10 AM org.apache.coyote.ajp.AjpAprProtocol destroy
INFO: Stopping Coyote AJP/1.3 on ajp-8009
Aug 15, 2011 12:07:29 AM org.apache.catalina.core.AprLifecycleListener init
INFO: Loaded APR based Apache Tomcat Native library 1.1.20.
Aug 15, 2011 12:07:29 AM org.apache.catalina.core.AprLifecycleListener init
INFO: APR capabilities: IPv6 [true], sendfile [true], accept filters [false], random [true].
Aug 15, 2011 12:07:29 AM org.apache.coyote.http11.Http11AprProtocol init
INFO: Initializing Coyote HTTP/1.1 on http-8080
Aug 15, 2011 12:07:29 AM org.apache.coyote.ajp.AjpAprProtocol init
INFO: Initializing Coyote AJP/1.3 on ajp-8009
Aug 15, 2011 12:07:29 AM org.apache.catalina.startup.Catalina load
INFO: Initialization processed in 971 ms
Aug 15, 2011 12:07:30 AM org.apache.catalina.core.StandardService start
INFO: Starting service Catalina
Aug 15, 2011 12:07:30 AM org.apache.catalina.core.StandardEngine start
INFO: Starting Servlet Engine: Apache Tomcat/6.0.32
Aug 15, 2011 12:07:30 AM org.apache.catalina.startup.HostConfig deployDescriptor
INFO: Deploying configuration descriptor host-manager.xml
Aug 15, 2011 12:07:30 AM org.apache.catalina.startup.HostConfig deployDescriptor
INFO: Deploying configuration descriptor manager.xml
Aug 15, 2011 12:07:30 AM org.apache.catalina.startup.HostConfig deployWAR
INFO: Deploying web application archive sample.war
Aug 15, 2011 12:07:30 AM org.apache.catalina.startup.HostConfig deployDirectory
INFO: Deploying web application directory docs
Aug 15, 2011 12:07:30 AM org.apache.catalina.startup.HostConfig deployDirectory
INFO: Deploying web application directory dukeschoice
Aug 15, 2011 12:07:30 AM org.apache.catalina.startup.HostConfig deployDirectory
INFO: Deploying web application directory examples
Aug 15, 2011 12:07:30 AM org.apache.catalina.startup.HostConfig deployDirectory
INFO: Deploying web application directory ROOT
Aug 15, 2011 12:07:30 AM org.apache.coyote.http11.Http11AprProtocol start
INFO: Starting Coyote HTTP/1.1 on http-8080
Aug 15, 2011 12:07:30 AM org.apache.coyote.ajp.AjpAprProtocol start
INFO: Starting Coyote AJP/1.3 on ajp-8009
Aug 15, 2011 12:07:30 AM org.apache.catalina.startup.Catalina start
INFO: Server startup in 737 ms
Aug 15, 2011 1:06:45 AM org.apache.coyote.http11.Http11AprProtocol pause
INFO: Pausing Coyote HTTP/1.1 on http-8080
Aug 15, 2011 1:06:45 AM org.apache.coyote.ajp.AjpAprProtocol pause
INFO: Pausing Coyote AJP/1.3 on ajp-8009
Aug 15, 2011 1:06:46 AM org.apache.catalina.core.StandardService stop
INFO: Stopping service Catalina
Aug 15, 2011 1:06:46 AM org.apache.coyote.http11.Http11AprProtocol destroy
INFO: Stopping Coyote HTTP/1.1 on http-8080
Aug 15, 2011 1:06:46 AM org.apache.coyote.ajp.AjpAprProtocol destroy
INFO: Stopping Coyote AJP/1.3 on ajp-8009
Aug 15, 2011 1:07:52 AM org.apache.catalina.core.AprLifecycleListener init
INFO: Loaded APR based Apache Tomcat Native library 1.1.20.
Aug 15, 2011 1:07:52 AM org.apache.catalina.core.AprLifecycleListener init
INFO: APR capabilities: IPv6 [true], sendfile [true], accept filters [false], random [true].
Aug 15, 2011 1:07:52 AM org.apache.coyote.http11.Http11AprProtocol init
INFO: Initializing Coyote HTTP/1.1 on http-8080
Aug 15, 2011 1:07:52 AM org.apache.coyote.ajp.AjpAprProtocol init
INFO: Initializing Coyote AJP/1.3 on ajp-8009
Aug 15, 2011 1:07:52 AM org.apache.catalina.startup.Catalina load
INFO: Initialization processed in 1034 ms
Aug 15, 2011 1:07:52 AM org.apache.catalina.core.StandardService start
INFO: Starting service Catalina
Aug 15, 2011 1:07:52 AM org.apache.catalina.core.StandardEngine start
INFO: Starting Servlet Engine: Apache Tomcat/6.0.32
Aug 15, 2011 1:07:52 AM org.apache.catalina.startup.HostConfig deployDescriptor
INFO: Deploying configuration descriptor host-manager.xml
Aug 15, 2011 1:07:53 AM org.apache.catalina.startup.HostConfig deployDescriptor
INFO: Deploying configuration descriptor manager.xml
Aug 15, 2011 1:07:53 AM org.apache.catalina.startup.HostConfig deployWAR
INFO: Deploying web application archive sample.war
Aug 15, 2011 1:07:53 AM org.apache.catalina.startup.HostConfig deployDirectory
INFO: Deploying web application directory docs
Aug 15, 2011 1:07:53 AM org.apache.catalina.startup.HostConfig deployDirectory
INFO: Deploying web application directory dukeschoice
Aug 15, 2011 1:07:53 AM org.apache.catalina.startup.HostConfig deployDirectory
INFO: Deploying web application directory examples
Aug 15, 2011 1:07:53 AM org.apache.catalina.startup.HostConfig deployDirectory
INFO: Deploying web application directory ROOT
Aug 15, 2011 1:07:53 AM org.apache.coyote.http11.Http11AprProtocol start
INFO: Starting Coyote HTTP/1.1 on http-8080
Aug 15, 2011 1:07:53 AM org.apache.coyote.ajp.AjpAprProtocol start
INFO: Starting Coyote AJP/1.3 on ajp-8009
Aug 15, 2011 1:07:53 AM org.apache.catalina.startup.Catalina start
INFO: Server startup in 730 ms
Aug 15, 2011 1:17:33 AM org.apache.coyote.http11.Http11AprProtocol pause
INFO: Pausing Coyote HTTP/1.1 on http-8080
Aug 15, 2011 1:17:33 AM org.apache.coyote.ajp.AjpAprProtocol pause
INFO: Pausing Coyote AJP/1.3 on ajp-8009
Aug 15, 2011 1:17:34 AM org.apache.catalina.core.StandardService stop
INFO: Stopping service Catalina
Aug 15, 2011 1:17:34 AM org.apache.coyote.http11.Http11AprProtocol destroy
INFO: Stopping Coyote HTTP/1.1 on http-8080
Aug 15, 2011 1:17:34 AM org.apache.coyote.ajp.AjpAprProtocol destroy
INFO: Stopping Coyote AJP/1.3 on ajp-8009
Aug 15, 2011 1:18:05 AM org.apache.catalina.core.AprLifecycleListener init
INFO: Loaded APR based Apache Tomcat Native library 1.1.20.
Aug 15, 2011 1:18:05 AM org.apache.catalina.core.AprLifecycleListener init
INFO: APR capabilities: IPv6 [true], sendfile [true], accept filters [false], random [true].
Aug 15, 2011 1:18:06 AM org.apache.coyote.http11.Http11AprProtocol init
INFO: Initializing Coyote HTTP/1.1 on http-8080
Aug 15, 2011 1:18:06 AM org.apache.coyote.ajp.AjpAprProtocol init
INFO: Initializing Coyote AJP/1.3 on ajp-8009
Aug 15, 2011 1:18:06 AM org.apache.catalina.startup.Catalina load
INFO: Initialization processed in 978 ms
Aug 15, 2011 1:18:06 AM org.apache.catalina.core.StandardService start
INFO: Starting service Catalina
Aug 15, 2011 1:18:06 AM org.apache.catalina.core.StandardEngine start
INFO: Starting Servlet Engine: Apache Tomcat/6.0.32
Aug 15, 2011 1:18:06 AM org.apache.catalina.startup.HostConfig deployDescriptor
INFO: Deploying configuration descriptor host-manager.xml
Aug 15, 2011 1:18:06 AM org.apache.catalina.startup.HostConfig deployDescriptor
INFO: Deploying configuration descriptor manager.xml
Aug 15, 2011 1:18:07 AM org.apache.catalina.startup.HostConfig deployWAR
INFO: Deploying web application archive sample.war
Aug 15, 2011 1:18:07 AM org.apache.catalina.startup.HostConfig deployDirectory
INFO: Deploying web application directory docs
Aug 15, 2011 1:18:07 AM org.apache.catalina.startup.HostConfig deployDirectory
INFO: Deploying web application directory dukeschoice
Aug 15, 2011 1:18:07 AM org.apache.catalina.startup.HostConfig deployDirectory
INFO: Deploying web application directory examples
Aug 15, 2011 1:18:07 AM org.apache.catalina.startup.HostConfig deployDirectory
INFO: Deploying web application directory ROOT
Aug 15, 2011 1:18:07 AM org.apache.coyote.http11.Http11AprProtocol start
INFO: Starting Coyote HTTP/1.1 on http-8080
Aug 15, 2011 1:18:07 AM org.apache.coyote.ajp.AjpAprProtocol start
INFO: Starting Coyote AJP/1.3 on ajp-8009
Aug 15, 2011 1:18:07 AM org.apache.catalina.startup.Catalina start
INFO: Server startup in 737 ms
Aug 15, 2011 1:19:59 AM org.apache.coyote.http11.Http11AprProtocol pause
INFO: Pausing Coyote HTTP/1.1 on http-8080
Aug 15, 2011 1:20:00 AM org.apache.coyote.ajp.AjpAprProtocol pause
INFO: Pausing Coyote AJP/1.3 on ajp-8009
Aug 15, 2011 1:20:01 AM org.apache.catalina.core.StandardService stop
INFO: Stopping service Catalina
Aug 15, 2011 1:20:01 AM org.apache.coyote.http11.Http11AprProtocol destroy
INFO: Stopping Coyote HTTP/1.1 on http-8080
Aug 15, 2011 1:20:01 AM org.apache.coyote.ajp.AjpAprProtocol destroy
INFO: Stopping Coyote AJP/1.3 on ajp-8009
Aug 15, 2011 1:22:31 AM org.apache.catalina.startup.Catalina stopServer
SEVERE: Catalina.stop: 
java.net.ConnectException: Connection refused: connect
	at java.net.TwoStacksPlainSocketImpl.socketConnect(Native Method)
	at java.net.AbstractPlainSocketImpl.doConnect(AbstractPlainSocketImpl.java:337)
	at java.net.AbstractPlainSocketImpl.connectToAddress(AbstractPlainSocketImpl.java:198)
	at java.net.AbstractPlainSocketImpl.connect(AbstractPlainSocketImpl.java:180)
	at java.net.PlainSocketImpl.connect(PlainSocketImpl.java:157)
	at java.net.SocksSocketImpl.connect(SocksSocketImpl.java:391)
	at java.net.Socket.connect(Socket.java:578)
	at java.net.Socket.connect(Socket.java:527)
	at java.net.Socket.<init>(Socket.java:424)
	at java.net.Socket.<init>(Socket.java:207)
	at org.apache.catalina.startup.Catalina.stopServer(Catalina.java:422)
	at sun.reflect.NativeMethodAccessorImpl.invoke0(Native Method)
	at sun.reflect.NativeMethodAccessorImpl.invoke(NativeMethodAccessorImpl.java:57)
	at sun.reflect.DelegatingMethodAccessorImpl.invoke(DelegatingMethodAccessorImpl.java:43)
	at java.lang.reflect.Method.invoke(Method.java:601)
	at org.apache.catalina.startup.Bootstrap.stopServer(Bootstrap.java:338)
	at org.apache.catalina.startup.Bootstrap.main(Bootstrap.java:416)

Aug 15, 2011 1:23:10 AM org.apache.catalina.core.AprLifecycleListener init
INFO: Loaded APR based Apache Tomcat Native library 1.1.20.
Aug 15, 2011 1:23:10 AM org.apache.catalina.core.AprLifecycleListener init
INFO: APR capabilities: IPv6 [true], sendfile [true], accept filters [false], random [true].
Aug 15, 2011 1:23:11 AM org.apache.coyote.http11.Http11AprProtocol init
INFO: Initializing Coyote HTTP/1.1 on http-8080
Aug 15, 2011 1:23:11 AM org.apache.coyote.ajp.AjpAprProtocol init
INFO: Initializing Coyote AJP/1.3 on ajp-8009
Aug 15, 2011 1:23:11 AM org.apache.catalina.startup.Catalina load
INFO: Initialization processed in 1147 ms
Aug 15, 2011 1:23:11 AM org.apache.catalina.core.StandardService start
INFO: Starting service Catalina
Aug 15, 2011 1:23:11 AM org.apache.catalina.core.StandardEngine start
INFO: Starting Servlet Engine: Apache Tomcat/6.0.32
Aug 15, 2011 1:23:11 AM org.apache.catalina.startup.HostConfig deployDescriptor
INFO: Deploying configuration descriptor host-manager.xml
Aug 15, 2011 1:23:11 AM org.apache.catalina.startup.HostConfig deployDescriptor
INFO: Deploying configuration descriptor manager.xml
Aug 15, 2011 1:23:11 AM org.apache.catalina.startup.HostConfig deployWAR
INFO: Deploying web application archive sample.war
Aug 15, 2011 1:23:11 AM org.apache.catalina.startup.HostConfig deployDirectory
INFO: Deploying web application directory docs
Aug 15, 2011 1:23:11 AM org.apache.catalina.startup.HostConfig deployDirectory
INFO: Deploying web application directory dukeschoice
Aug 15, 2011 1:23:11 AM org.apache.catalina.startup.HostConfig deployDirectory
INFO: Deploying web application directory examples
Aug 15, 2011 1:23:11 AM org.apache.catalina.startup.HostConfig deployDirectory
INFO: Deploying web application directory ROOT
Aug 15, 2011 1:23:11 AM org.apache.coyote.http11.Http11AprProtocol start
INFO: Starting Coyote HTTP/1.1 on http-8080
Aug 15, 2011 1:23:11 AM org.apache.coyote.ajp.AjpAprProtocol start
INFO: Starting Coyote AJP/1.3 on ajp-8009
Aug 15, 2011 1:23:11 AM org.apache.catalina.startup.Catalina start
INFO: Server startup in 753 ms
Aug 15, 2011 1:57:34 AM org.apache.coyote.http11.Http11AprProtocol pause
INFO: Pausing Coyote HTTP/1.1 on http-8080
Aug 15, 2011 1:57:34 AM org.apache.coyote.ajp.AjpAprProtocol pause
INFO: Pausing Coyote AJP/1.3 on ajp-8009
Aug 15, 2011 1:57:35 AM org.apache.catalina.core.StandardService stop
INFO: Stopping service Catalina
Aug 15, 2011 1:57:35 AM org.apache.coyote.http11.Http11AprProtocol destroy
INFO: Stopping Coyote HTTP/1.1 on http-8080
Aug 15, 2011 1:57:35 AM org.apache.coyote.ajp.AjpAprProtocol destroy
INFO: Stopping Coyote AJP/1.3 on ajp-8009
Aug 15, 2011 8:26:47 AM org.apache.catalina.core.AprLifecycleListener init
INFO: Loaded APR based Apache Tomcat Native library 1.1.20.
Aug 15, 2011 8:26:47 AM org.apache.catalina.core.AprLifecycleListener init
INFO: APR capabilities: IPv6 [true], sendfile [true], accept filters [false], random [true].
Aug 15, 2011 8:26:48 AM org.apache.coyote.http11.Http11AprProtocol init
INFO: Initializing Coyote HTTP/1.1 on http-8080
Aug 15, 2011 8:26:48 AM org.apache.coyote.ajp.AjpAprProtocol init
INFO: Initializing Coyote AJP/1.3 on ajp-8009
Aug 15, 2011 8:26:48 AM org.apache.catalina.startup.Catalina load
INFO: Initialization processed in 1100 ms
Aug 15, 2011 8:26:48 AM org.apache.catalina.core.StandardService start
INFO: Starting service Catalina
Aug 15, 2011 8:26:48 AM org.apache.catalina.core.StandardEngine start
INFO: Starting Servlet Engine: Apache Tomcat/6.0.32
Aug 15, 2011 8:26:48 AM org.apache.catalina.startup.HostConfig deployDescriptor
INFO: Deploying configuration descriptor host-manager.xml
Aug 15, 2011 8:26:48 AM org.apache.catalina.startup.HostConfig deployDescriptor
INFO: Deploying configuration descriptor manager.xml
Aug 15, 2011 8:26:48 AM org.apache.catalina.startup.HostConfig deployWAR
INFO: Deploying web application archive sample.war
Aug 15, 2011 8:26:48 AM org.apache.catalina.startup.HostConfig deployDirectory
INFO: Deploying web application directory docs
Aug 15, 2011 8:26:48 AM org.apache.catalina.startup.HostConfig deployDirectory
INFO: Deploying web application directory dukeschoice
Aug 15, 2011 8:26:48 AM org.apache.catalina.startup.HostConfig deployDirectory
INFO: Deploying web application directory examples
Aug 15, 2011 8:26:49 AM org.apache.catalina.startup.HostConfig deployDirectory
INFO: Deploying web application directory ROOT
Aug 15, 2011 8:26:49 AM org.apache.coyote.http11.Http11AprProtocol start
INFO: Starting Coyote HTTP/1.1 on http-8080
Aug 15, 2011 8:26:49 AM org.apache.coyote.ajp.AjpAprProtocol start
INFO: Starting Coyote AJP/1.3 on ajp-8009
Aug 15, 2011 8:26:49 AM org.apache.catalina.startup.Catalina start
INFO: Server startup in 747 ms
Aug 15, 2011 8:27:31 AM org.apache.coyote.http11.Http11AprProtocol pause
INFO: Pausing Coyote HTTP/1.1 on http-8080
Aug 15, 2011 8:27:32 AM org.apache.coyote.ajp.AjpAprProtocol pause
INFO: Pausing Coyote AJP/1.3 on ajp-8009
Aug 15, 2011 8:27:33 AM org.apache.catalina.core.StandardService stop
INFO: Stopping service Catalina
Aug 15, 2011 8:27:33 AM org.apache.coyote.http11.Http11AprProtocol destroy
INFO: Stopping Coyote HTTP/1.1 on http-8080
Aug 15, 2011 8:27:33 AM org.apache.coyote.ajp.AjpAprProtocol destroy
INFO: Stopping Coyote AJP/1.3 on ajp-8009
