Aug 17, 2011 10:58:22 AM org.apache.catalina.core.AprLifecycleListener init
INFO: Loaded APR based Apache Tomcat Native library 1.1.20.
Aug 17, 2011 10:58:22 AM org.apache.catalina.core.AprLifecycleListener init
INFO: APR capabilities: IPv6 [true], sendfile [true], accept filters [false], random [true].
Aug 17, 2011 10:58:24 AM org.apache.coyote.http11.Http11AprProtocol init
INFO: Initializing Coyote HTTP/1.1 on http-8080
Aug 17, 2011 10:58:24 AM org.apache.coyote.ajp.AjpAprProtocol init
INFO: Initializing Coyote AJP/1.3 on ajp-8009
Aug 17, 2011 10:58:24 AM org.apache.catalina.startup.Catalina load
INFO: Initialization processed in 2281 ms
Aug 17, 2011 10:58:24 AM org.apache.catalina.core.StandardService start
INFO: Starting service Catalina
Aug 17, 2011 10:58:24 AM org.apache.catalina.core.StandardEngine start
INFO: Starting Servlet Engine: Apache Tomcat/6.0.32
Aug 17, 2011 10:58:24 AM org.apache.catalina.startup.HostConfig deployDescriptor
INFO: Deploying configuration descriptor host-manager.xml
Aug 17, 2011 10:58:24 AM org.apache.catalina.startup.HostConfig deployDescriptor
INFO: Deploying configuration descriptor manager.xml
Aug 17, 2011 10:58:24 AM org.apache.catalina.startup.HostConfig deployWAR
INFO: Deploying web application archive sample.war
Aug 17, 2011 10:58:24 AM org.apache.catalina.startup.HostConfig deployDirectory
INFO: Deploying web application directory docs
Aug 17, 2011 10:58:24 AM org.apache.catalina.startup.HostConfig deployDirectory
INFO: Deploying web application directory dukeschoice
Aug 17, 2011 10:58:24 AM org.apache.catalina.startup.HostConfig deployDirectory
INFO: Deploying web application directory examples
Aug 17, 2011 10:58:24 AM org.apache.catalina.startup.HostConfig deployDirectory
INFO: Deploying web application directory ROOT
Aug 17, 2011 10:58:24 AM org.apache.coyote.http11.Http11AprProtocol start
INFO: Starting Coyote HTTP/1.1 on http-8080
Aug 17, 2011 10:58:25 AM org.apache.coyote.ajp.AjpAprProtocol start
INFO: Starting Coyote AJP/1.3 on ajp-8009
Aug 17, 2011 10:58:25 AM org.apache.catalina.startup.Catalina start
INFO: Server startup in 1011 ms
Aug 17, 2011 10:59:59 AM org.apache.coyote.http11.Http11AprProtocol pause
INFO: Pausing Coyote HTTP/1.1 on http-8080
Aug 17, 2011 10:59:59 AM org.apache.coyote.ajp.AjpAprProtocol pause
INFO: Pausing Coyote AJP/1.3 on ajp-8009
Aug 17, 2011 11:00:00 AM org.apache.catalina.core.StandardService stop
INFO: Stopping service Catalina
Aug 17, 2011 11:00:00 AM org.apache.coyote.http11.Http11AprProtocol destroy
INFO: Stopping Coyote HTTP/1.1 on http-8080
Aug 17, 2011 11:00:00 AM org.apache.coyote.ajp.AjpAprProtocol destroy
INFO: Stopping Coyote AJP/1.3 on ajp-8009
Aug 17, 2011 11:00:02 AM org.apache.catalina.core.AprLifecycleListener init
INFO: Loaded APR based Apache Tomcat Native library 1.1.20.
Aug 17, 2011 11:00:02 AM org.apache.catalina.core.AprLifecycleListener init
INFO: APR capabilities: IPv6 [true], sendfile [true], accept filters [false], random [true].
Aug 17, 2011 11:00:04 AM org.apache.coyote.http11.Http11AprProtocol init
INFO: Initializing Coyote HTTP/1.1 on http-8080
Aug 17, 2011 11:00:04 AM org.apache.coyote.ajp.AjpAprProtocol init
INFO: Initializing Coyote AJP/1.3 on ajp-8009
Aug 17, 2011 11:00:04 AM org.apache.catalina.startup.Catalina load
INFO: Initialization processed in 1560 ms
Aug 17, 2011 11:00:04 AM org.apache.catalina.core.StandardService start
INFO: Starting service Catalina
Aug 17, 2011 11:00:04 AM org.apache.catalina.core.StandardEngine start
INFO: Starting Servlet Engine: Apache Tomcat/6.0.32
Aug 17, 2011 11:00:04 AM org.apache.catalina.startup.HostConfig deployDescriptor
INFO: Deploying configuration descriptor host-manager.xml
Aug 17, 2011 11:00:04 AM org.apache.catalina.startup.HostConfig deployDescriptor
INFO: Deploying configuration descriptor manager.xml
Aug 17, 2011 11:00:04 AM org.apache.catalina.startup.HostConfig deployWAR
INFO: Deploying web application archive sample.war
Aug 17, 2011 11:00:04 AM org.apache.catalina.startup.HostConfig deployDirectory
INFO: Deploying web application directory docs
Aug 17, 2011 11:00:04 AM org.apache.catalina.startup.HostConfig deployDirectory
INFO: Deploying web application directory dukeschoice
Aug 17, 2011 11:00:04 AM org.apache.catalina.startup.HostConfig deployDirectory
INFO: Deploying web application directory examples
Aug 17, 2011 11:00:04 AM org.apache.catalina.startup.HostConfig deployDirectory
INFO: Deploying web application directory ROOT
Aug 17, 2011 11:00:04 AM org.apache.coyote.http11.Http11AprProtocol start
INFO: Starting Coyote HTTP/1.1 on http-8080
Aug 17, 2011 11:00:05 AM org.apache.coyote.ajp.AjpAprProtocol start
INFO: Starting Coyote AJP/1.3 on ajp-8009
Aug 17, 2011 11:00:05 AM org.apache.catalina.startup.Catalina start
INFO: Server startup in 878 ms
Aug 17, 2011 11:45:26 AM org.apache.coyote.http11.Http11AprProtocol pause
INFO: Pausing Coyote HTTP/1.1 on http-8080
Aug 17, 2011 11:45:26 AM org.apache.coyote.ajp.AjpAprProtocol pause
INFO: Pausing Coyote AJP/1.3 on ajp-8009
Aug 17, 2011 11:45:27 AM org.apache.catalina.core.StandardService stop
INFO: Stopping service Catalina
Aug 17, 2011 11:45:27 AM org.apache.coyote.http11.Http11AprProtocol destroy
INFO: Stopping Coyote HTTP/1.1 on http-8080
Aug 17, 2011 11:45:27 AM org.apache.coyote.ajp.AjpAprProtocol destroy
INFO: Stopping Coyote AJP/1.3 on ajp-8009
Aug 17, 2011 11:46:07 AM org.apache.catalina.core.AprLifecycleListener init
INFO: Loaded APR based Apache Tomcat Native library 1.1.20.
Aug 17, 2011 11:46:07 AM org.apache.catalina.core.AprLifecycleListener init
INFO: APR capabilities: IPv6 [true], sendfile [true], accept filters [false], random [true].
Aug 17, 2011 11:46:08 AM org.apache.coyote.http11.Http11AprProtocol init
INFO: Initializing Coyote HTTP/1.1 on http-8080
Aug 17, 2011 11:46:08 AM org.apache.coyote.ajp.AjpAprProtocol init
INFO: Initializing Coyote AJP/1.3 on ajp-8009
Aug 17, 2011 11:46:08 AM org.apache.catalina.startup.Catalina load
INFO: Initialization processed in 1370 ms
Aug 17, 2011 11:46:08 AM org.apache.catalina.core.StandardService start
INFO: Starting service Catalina
Aug 17, 2011 11:46:08 AM org.apache.catalina.core.StandardEngine start
INFO: Starting Servlet Engine: Apache Tomcat/6.0.32
Aug 17, 2011 11:46:08 AM org.apache.catalina.startup.HostConfig deployDescriptor
INFO: Deploying configuration descriptor host-manager.xml
Aug 17, 2011 11:46:08 AM org.apache.catalina.startup.HostConfig deployDescriptor
INFO: Deploying configuration descriptor manager.xml
Aug 17, 2011 11:46:08 AM org.apache.catalina.startup.HostConfig deployWAR
INFO: Deploying web application archive sample.war
Aug 17, 2011 11:46:08 AM org.apache.catalina.startup.HostConfig deployDirectory
INFO: Deploying web application directory docs
Aug 17, 2011 11:46:08 AM org.apache.catalina.startup.HostConfig deployDirectory
INFO: Deploying web application directory dukeschoice
Aug 17, 2011 11:46:09 AM org.apache.catalina.startup.HostConfig deployDirectory
INFO: Deploying web application directory examples
Aug 17, 2011 11:46:09 AM org.apache.catalina.startup.HostConfig deployDirectory
INFO: Deploying web application directory ROOT
Aug 17, 2011 11:46:09 AM org.apache.coyote.http11.Http11AprProtocol start
INFO: Starting Coyote HTTP/1.1 on http-8080
Aug 17, 2011 11:46:09 AM org.apache.coyote.ajp.AjpAprProtocol start
INFO: Starting Coyote AJP/1.3 on ajp-8009
Aug 17, 2011 11:46:09 AM org.apache.catalina.startup.Catalina start
INFO: Server startup in 777 ms
Aug 17, 2011 1:25:36 PM org.apache.coyote.http11.Http11AprProtocol pause
INFO: Pausing Coyote HTTP/1.1 on http-8080
Aug 17, 2011 2:43:08 PM org.apache.catalina.core.AprLifecycleListener init
INFO: Loaded APR based Apache Tomcat Native library 1.1.20.
Aug 17, 2011 2:43:08 PM org.apache.catalina.core.AprLifecycleListener init
INFO: APR capabilities: IPv6 [true], sendfile [true], accept filters [false], random [true].
Aug 17, 2011 2:43:09 PM org.apache.coyote.http11.Http11AprProtocol init
INFO: Initializing Coyote HTTP/1.1 on http-8080
Aug 17, 2011 2:43:09 PM org.apache.coyote.ajp.AjpAprProtocol init
INFO: Initializing Coyote AJP/1.3 on ajp-8009
Aug 17, 2011 2:43:09 PM org.apache.catalina.startup.Catalina load
INFO: Initialization processed in 1783 ms
Aug 17, 2011 2:43:09 PM org.apache.catalina.core.StandardService start
INFO: Starting service Catalina
Aug 17, 2011 2:43:09 PM org.apache.catalina.core.StandardEngine start
INFO: Starting Servlet Engine: Apache Tomcat/6.0.32
Aug 17, 2011 2:43:09 PM org.apache.catalina.startup.HostConfig deployDescriptor
INFO: Deploying configuration descriptor host-manager.xml
Aug 17, 2011 2:43:09 PM org.apache.catalina.startup.HostConfig deployDescriptor
INFO: Deploying configuration descriptor manager.xml
Aug 17, 2011 2:43:09 PM org.apache.catalina.startup.HostConfig deployWAR
INFO: Deploying web application archive sample.war
Aug 17, 2011 2:43:09 PM org.apache.catalina.startup.HostConfig deployDirectory
INFO: Deploying web application directory docs
Aug 17, 2011 2:43:10 PM org.apache.catalina.startup.HostConfig deployDirectory
INFO: Deploying web application directory dukeschoice
Aug 17, 2011 2:43:10 PM org.apache.catalina.startup.HostConfig deployDirectory
INFO: Deploying web application directory examples
Aug 17, 2011 2:43:10 PM org.apache.catalina.startup.HostConfig deployDirectory
INFO: Deploying web application directory ROOT
Aug 17, 2011 2:43:10 PM org.apache.coyote.http11.Http11AprProtocol start
INFO: Starting Coyote HTTP/1.1 on http-8080
Aug 17, 2011 2:43:10 PM org.apache.coyote.ajp.AjpAprProtocol start
INFO: Starting Coyote AJP/1.3 on ajp-8009
Aug 17, 2011 2:43:10 PM org.apache.catalina.startup.Catalina start
INFO: Server startup in 982 ms
Aug 17, 2011 4:45:27 PM org.apache.coyote.http11.Http11AprProtocol pause
INFO: Pausing Coyote HTTP/1.1 on http-8080
Aug 17, 2011 4:45:27 PM org.apache.coyote.ajp.AjpAprProtocol pause
INFO: Pausing Coyote AJP/1.3 on ajp-8009
Aug 17, 2011 4:45:28 PM org.apache.catalina.core.StandardService stop
INFO: Stopping service Catalina
Aug 17, 2011 4:45:28 PM org.apache.coyote.http11.Http11AprProtocol destroy
INFO: Stopping Coyote HTTP/1.1 on http-8080
Aug 17, 2011 4:45:28 PM org.apache.coyote.ajp.AjpAprProtocol destroy
INFO: Stopping Coyote AJP/1.3 on ajp-8009
Aug 17, 2011 7:18:05 PM org.apache.catalina.core.AprLifecycleListener init
INFO: Loaded APR based Apache Tomcat Native library 1.1.20.
Aug 17, 2011 7:18:05 PM org.apache.catalina.core.AprLifecycleListener init
INFO: APR capabilities: IPv6 [true], sendfile [true], accept filters [false], random [true].
Aug 17, 2011 7:18:06 PM org.apache.coyote.http11.Http11AprProtocol init
INFO: Initializing Coyote HTTP/1.1 on http-8080
Aug 17, 2011 7:18:06 PM org.apache.coyote.ajp.AjpAprProtocol init
INFO: Initializing Coyote AJP/1.3 on ajp-8009
Aug 17, 2011 7:18:06 PM org.apache.catalina.startup.Catalina load
INFO: Initialization processed in 1357 ms
Aug 17, 2011 7:18:06 PM org.apache.catalina.core.StandardService start
INFO: Starting service Catalina
Aug 17, 2011 7:18:06 PM org.apache.catalina.core.StandardEngine start
INFO: Starting Servlet Engine: Apache Tomcat/6.0.32
Aug 17, 2011 7:18:06 PM org.apache.catalina.startup.HostConfig deployDescriptor
INFO: Deploying configuration descriptor host-manager.xml
Aug 17, 2011 7:18:07 PM org.apache.catalina.startup.HostConfig deployDescriptor
INFO: Deploying configuration descriptor manager.xml
Aug 17, 2011 7:18:07 PM org.apache.catalina.startup.HostConfig deployWAR
INFO: Deploying web application archive sample.war
Aug 17, 2011 7:18:07 PM org.apache.catalina.startup.HostConfig deployDirectory
INFO: Deploying web application directory docs
Aug 17, 2011 7:18:07 PM org.apache.catalina.startup.HostConfig deployDirectory
INFO: Deploying web application directory dukeschoice
Aug 17, 2011 7:18:07 PM org.apache.catalina.startup.HostConfig deployDirectory
INFO: Deploying web application directory examples
Aug 17, 2011 7:18:07 PM org.apache.catalina.startup.HostConfig deployDirectory
INFO: Deploying web application directory ROOT
Aug 17, 2011 7:18:07 PM org.apache.coyote.http11.Http11AprProtocol start
INFO: Starting Coyote HTTP/1.1 on http-8080
Aug 17, 2011 7:18:07 PM org.apache.coyote.ajp.AjpAprProtocol start
INFO: Starting Coyote AJP/1.3 on ajp-8009
Aug 17, 2011 7:18:07 PM org.apache.catalina.startup.Catalina start
INFO: Server startup in 964 ms
Aug 17, 2011 7:51:21 PM org.apache.coyote.http11.Http11AprProtocol pause
INFO: Pausing Coyote HTTP/1.1 on http-8080
Aug 17, 2011 7:51:21 PM org.apache.coyote.ajp.AjpAprProtocol pause
INFO: Pausing Coyote AJP/1.3 on ajp-8009
Aug 17, 2011 7:51:22 PM org.apache.catalina.core.StandardService stop
INFO: Stopping service Catalina
Aug 17, 2011 7:51:22 PM org.apache.coyote.http11.Http11AprProtocol destroy
INFO: Stopping Coyote HTTP/1.1 on http-8080
Aug 17, 2011 7:51:22 PM org.apache.coyote.ajp.AjpAprProtocol destroy
INFO: Stopping Coyote AJP/1.3 on ajp-8009
Aug 17, 2011 7:54:28 PM org.apache.catalina.core.AprLifecycleListener init
INFO: Loaded APR based Apache Tomcat Native library 1.1.20.
Aug 17, 2011 7:54:28 PM org.apache.catalina.core.AprLifecycleListener init
INFO: APR capabilities: IPv6 [true], sendfile [true], accept filters [false], random [true].
Aug 17, 2011 7:54:29 PM org.apache.coyote.http11.Http11AprProtocol init
INFO: Initializing Coyote HTTP/1.1 on http-8080
Aug 17, 2011 7:54:29 PM org.apache.coyote.ajp.AjpAprProtocol init
INFO: Initializing Coyote AJP/1.3 on ajp-8009
Aug 17, 2011 7:54:29 PM org.apache.catalina.startup.Catalina load
INFO: Initialization processed in 1046 ms
Aug 17, 2011 7:54:29 PM org.apache.catalina.core.StandardService start
INFO: Starting service Catalina
Aug 17, 2011 7:54:29 PM org.apache.catalina.core.StandardEngine start
INFO: Starting Servlet Engine: Apache Tomcat/6.0.32
Aug 17, 2011 7:54:29 PM org.apache.catalina.startup.HostConfig deployDescriptor
INFO: Deploying configuration descriptor host-manager.xml
Aug 17, 2011 7:54:29 PM org.apache.catalina.startup.HostConfig deployDescriptor
INFO: Deploying configuration descriptor manager.xml
Aug 17, 2011 7:54:29 PM org.apache.catalina.startup.HostConfig deployWAR
INFO: Deploying web application archive sample.war
Aug 17, 2011 7:54:29 PM org.apache.catalina.startup.HostConfig deployDirectory
INFO: Deploying web application directory docs
Aug 17, 2011 7:54:29 PM org.apache.catalina.startup.HostConfig deployDirectory
INFO: Deploying web application directory dukeschoice
Aug 17, 2011 7:54:29 PM org.apache.catalina.startup.HostConfig deployDirectory
INFO: Deploying web application directory examples
Aug 17, 2011 7:54:29 PM org.apache.catalina.startup.HostConfig deployDirectory
INFO: Deploying web application directory ROOT
Aug 17, 2011 7:54:29 PM org.apache.coyote.http11.Http11AprProtocol start
INFO: Starting Coyote HTTP/1.1 on http-8080
Aug 17, 2011 7:54:29 PM org.apache.coyote.ajp.AjpAprProtocol start
INFO: Starting Coyote AJP/1.3 on ajp-8009
Aug 17, 2011 7:54:29 PM org.apache.catalina.startup.Catalina start
INFO: Server startup in 733 ms
Aug 17, 2011 7:55:07 PM org.apache.coyote.http11.Http11AprProtocol pause
INFO: Pausing Coyote HTTP/1.1 on http-8080
Aug 17, 2011 7:55:07 PM org.apache.coyote.ajp.AjpAprProtocol pause
INFO: Pausing Coyote AJP/1.3 on ajp-8009
Aug 17, 2011 7:55:08 PM org.apache.catalina.core.StandardService stop
INFO: Stopping service Catalina
Aug 17, 2011 7:55:08 PM org.apache.coyote.http11.Http11AprProtocol destroy
INFO: Stopping Coyote HTTP/1.1 on http-8080
Aug 17, 2011 7:55:08 PM org.apache.coyote.ajp.AjpAprProtocol destroy
INFO: Stopping Coyote AJP/1.3 on ajp-8009
Aug 17, 2011 7:55:31 PM org.apache.catalina.core.AprLifecycleListener init
INFO: Loaded APR based Apache Tomcat Native library 1.1.20.
Aug 17, 2011 7:55:31 PM org.apache.catalina.core.AprLifecycleListener init
INFO: APR capabilities: IPv6 [true], sendfile [true], accept filters [false], random [true].
Aug 17, 2011 7:55:31 PM org.apache.coyote.http11.Http11AprProtocol init
INFO: Initializing Coyote HTTP/1.1 on http-8080
Aug 17, 2011 7:55:31 PM org.apache.coyote.ajp.AjpAprProtocol init
INFO: Initializing Coyote AJP/1.3 on ajp-8009
Aug 17, 2011 7:55:31 PM org.apache.catalina.startup.Catalina load
INFO: Initialization processed in 1014 ms
Aug 17, 2011 7:55:31 PM org.apache.catalina.core.StandardService start
INFO: Starting service Catalina
Aug 17, 2011 7:55:31 PM org.apache.catalina.core.StandardEngine start
INFO: Starting Servlet Engine: Apache Tomcat/6.0.32
Aug 17, 2011 7:55:31 PM org.apache.catalina.startup.HostConfig deployDescriptor
INFO: Deploying configuration descriptor host-manager.xml
Aug 17, 2011 7:55:32 PM org.apache.catalina.startup.HostConfig deployDescriptor
INFO: Deploying configuration descriptor manager.xml
Aug 17, 2011 7:55:32 PM org.apache.catalina.startup.HostConfig deployWAR
INFO: Deploying web application archive sample.war
Aug 17, 2011 7:55:32 PM org.apache.catalina.startup.HostConfig deployDirectory
INFO: Deploying web application directory docs
Aug 17, 2011 7:55:32 PM org.apache.catalina.startup.HostConfig deployDirectory
INFO: Deploying web application directory dukeschoice
Aug 17, 2011 7:55:32 PM org.apache.catalina.startup.HostConfig deployDirectory
INFO: Deploying web application directory examples
Aug 17, 2011 7:55:32 PM org.apache.catalina.startup.HostConfig deployDirectory
INFO: Deploying web application directory ROOT
Aug 17, 2011 7:55:32 PM org.apache.coyote.http11.Http11AprProtocol start
INFO: Starting Coyote HTTP/1.1 on http-8080
Aug 17, 2011 7:55:32 PM org.apache.coyote.ajp.AjpAprProtocol start
INFO: Starting Coyote AJP/1.3 on ajp-8009
Aug 17, 2011 7:55:32 PM org.apache.catalina.startup.Catalina start
INFO: Server startup in 712 ms
