Aug 30, 2011 6:37:04 AM org.apache.catalina.core.AprLifecycleListener init
INFO: Loaded APR based Apache Tomcat Native library 1.1.20.
Aug 30, 2011 6:37:04 AM org.apache.catalina.core.AprLifecycleListener init
INFO: APR capabilities: IPv6 [true], sendfile [true], accept filters [false], random [true].
Aug 30, 2011 6:37:06 AM org.apache.coyote.http11.Http11AprProtocol init
INFO: Initializing Coyote HTTP/1.1 on http-8080
Aug 30, 2011 6:37:06 AM org.apache.coyote.ajp.AjpAprProtocol init
INFO: Initializing Coyote AJP/1.3 on ajp-8009
Aug 30, 2011 6:37:06 AM org.apache.catalina.startup.Catalina load
INFO: Initialization processed in 1825 ms
Aug 30, 2011 6:37:06 AM org.apache.catalina.core.StandardService start
INFO: Starting service Catalina
Aug 30, 2011 6:37:06 AM org.apache.catalina.core.StandardEngine start
INFO: Starting Servlet Engine: Apache Tomcat/6.0.32
Aug 30, 2011 6:37:06 AM org.apache.catalina.startup.HostConfig deployDescriptor
INFO: Deploying configuration descriptor host-manager.xml
Aug 30, 2011 6:37:06 AM org.apache.catalina.startup.HostConfig deployDescriptor
INFO: Deploying configuration descriptor manager.xml
Aug 30, 2011 6:37:06 AM org.apache.catalina.startup.HostConfig deployWAR
INFO: Deploying web application archive sample.war
Aug 30, 2011 6:37:06 AM org.apache.catalina.startup.HostConfig deployDirectory
INFO: Deploying web application directory docs
Aug 30, 2011 6:37:06 AM org.apache.catalina.startup.HostConfig deployDirectory
INFO: Deploying web application directory dukeschoice
Aug 30, 2011 6:37:06 AM org.apache.catalina.startup.HostConfig deployDirectory
INFO: Deploying web application directory examples
Aug 30, 2011 6:37:07 AM org.apache.catalina.startup.HostConfig deployDirectory
INFO: Deploying web application directory ROOT
Aug 30, 2011 6:37:07 AM org.apache.coyote.http11.Http11AprProtocol start
INFO: Starting Coyote HTTP/1.1 on http-8080
Aug 30, 2011 6:37:07 AM org.apache.coyote.ajp.AjpAprProtocol start
INFO: Starting Coyote AJP/1.3 on ajp-8009
Aug 30, 2011 6:37:07 AM org.apache.catalina.startup.Catalina start
INFO: Server startup in 1127 ms
Aug 30, 2011 6:38:13 AM org.apache.coyote.http11.Http11AprProtocol pause
INFO: Pausing Coyote HTTP/1.1 on http-8080
Aug 30, 2011 6:38:13 AM org.apache.coyote.ajp.AjpAprProtocol pause
INFO: Pausing Coyote AJP/1.3 on ajp-8009
Aug 30, 2011 6:38:14 AM org.apache.catalina.core.StandardService stop
INFO: Stopping service Catalina
Aug 30, 2011 6:38:14 AM org.apache.coyote.http11.Http11AprProtocol destroy
INFO: Stopping Coyote HTTP/1.1 on http-8080
Aug 30, 2011 6:38:14 AM org.apache.coyote.ajp.AjpAprProtocol destroy
INFO: Stopping Coyote AJP/1.3 on ajp-8009
