Aug 14, 2011 3:31:48 AM org.apache.catalina.core.AprLifecycleListener init
INFO: Loaded APR based Apache Tomcat Native library 1.1.20.
Aug 14, 2011 3:31:48 AM org.apache.catalina.core.AprLifecycleListener init
INFO: APR capabilities: IPv6 [true], sendfile [true], accept filters [false], random [true].
Aug 14, 2011 3:31:49 AM org.apache.coyote.http11.Http11AprProtocol init
INFO: Initializing Coyote HTTP/1.1 on http-8080
Aug 14, 2011 3:31:49 AM org.apache.coyote.ajp.AjpAprProtocol init
INFO: Initializing Coyote AJP/1.3 on ajp-8009
Aug 14, 2011 3:31:49 AM org.apache.catalina.startup.Catalina load
INFO: Initialization processed in 1378 ms
Aug 14, 2011 3:31:49 AM org.apache.catalina.core.StandardService start
INFO: Starting service Catalina
Aug 14, 2011 3:31:49 AM org.apache.catalina.core.StandardEngine start
INFO: Starting Servlet Engine: Apache Tomcat/6.0.32
Aug 14, 2011 3:31:49 AM org.apache.catalina.startup.HostConfig deployDirectory
INFO: Deploying web application directory docs
Aug 14, 2011 3:31:49 AM org.apache.catalina.startup.HostConfig deployDirectory
INFO: Deploying web application directory examples
Aug 14, 2011 3:31:49 AM org.apache.catalina.startup.HostConfig deployDirectory
INFO: Deploying web application directory host-manager
Aug 14, 2011 3:31:49 AM org.apache.catalina.startup.HostConfig deployDirectory
INFO: Deploying web application directory manager
Aug 14, 2011 3:31:49 AM org.apache.catalina.startup.HostConfig deployDirectory
INFO: Deploying web application directory ROOT
Aug 14, 2011 3:31:49 AM org.apache.coyote.http11.Http11AprProtocol start
INFO: Starting Coyote HTTP/1.1 on http-8080
Aug 14, 2011 3:31:49 AM org.apache.coyote.ajp.AjpAprProtocol start
INFO: Starting Coyote AJP/1.3 on ajp-8009
Aug 14, 2011 3:31:49 AM org.apache.catalina.startup.Catalina start
INFO: Server startup in 889 ms
Aug 14, 2011 3:33:23 AM org.apache.coyote.http11.Http11AprProtocol pause
INFO: Pausing Coyote HTTP/1.1 on http-8080
Aug 14, 2011 3:33:23 AM org.apache.coyote.ajp.AjpAprProtocol pause
INFO: Pausing Coyote AJP/1.3 on ajp-8009
Aug 14, 2011 3:33:24 AM org.apache.catalina.core.StandardService stop
INFO: Stopping service Catalina
Aug 14, 2011 3:33:25 AM org.apache.coyote.http11.Http11AprProtocol destroy
INFO: Stopping Coyote HTTP/1.1 on http-8080
Aug 14, 2011 3:33:25 AM org.apache.coyote.ajp.AjpAprProtocol destroy
INFO: Stopping Coyote AJP/1.3 on ajp-8009
Aug 14, 2011 3:35:15 AM org.apache.catalina.core.AprLifecycleListener init
INFO: Loaded APR based Apache Tomcat Native library 1.1.20.
Aug 14, 2011 3:35:15 AM org.apache.catalina.core.AprLifecycleListener init
INFO: APR capabilities: IPv6 [true], sendfile [true], accept filters [false], random [true].
Aug 14, 2011 3:35:16 AM org.apache.coyote.http11.Http11AprProtocol init
INFO: Initializing Coyote HTTP/1.1 on http-8080
Aug 14, 2011 3:35:16 AM org.apache.coyote.ajp.AjpAprProtocol init
INFO: Initializing Coyote AJP/1.3 on ajp-8009
Aug 14, 2011 3:35:16 AM org.apache.catalina.startup.Catalina load
INFO: Initialization processed in 1121 ms
Aug 14, 2011 3:35:16 AM org.apache.catalina.core.StandardService start
INFO: Starting service Catalina
Aug 14, 2011 3:35:16 AM org.apache.catalina.core.StandardEngine start
INFO: Starting Servlet Engine: Apache Tomcat/6.0.32
Aug 14, 2011 3:35:16 AM org.apache.catalina.startup.HostConfig deployDescriptor
INFO: Deploying configuration descriptor host-manager.xml
Aug 14, 2011 3:35:17 AM org.apache.catalina.startup.HostConfig deployDescriptor
INFO: Deploying configuration descriptor manager.xml
Aug 14, 2011 3:35:17 AM org.apache.catalina.startup.HostConfig deployDirectory
INFO: Deploying web application directory docs
Aug 14, 2011 3:35:17 AM org.apache.catalina.startup.HostConfig deployDirectory
INFO: Deploying web application directory examples
Aug 14, 2011 3:35:17 AM org.apache.catalina.startup.HostConfig deployDirectory
INFO: Deploying web application directory ROOT
Aug 14, 2011 3:35:17 AM org.apache.coyote.http11.Http11AprProtocol start
INFO: Starting Coyote HTTP/1.1 on http-8080
Aug 14, 2011 3:35:17 AM org.apache.coyote.ajp.AjpAprProtocol start
INFO: Starting Coyote AJP/1.3 on ajp-8009
Aug 14, 2011 3:35:17 AM org.apache.catalina.startup.Catalina start
INFO: Server startup in 665 ms
Aug 14, 2011 3:37:00 AM org.apache.coyote.http11.Http11AprProtocol pause
INFO: Pausing Coyote HTTP/1.1 on http-8080
Aug 14, 2011 3:37:00 AM org.apache.coyote.ajp.AjpAprProtocol pause
INFO: Pausing Coyote AJP/1.3 on ajp-8009
Aug 14, 2011 3:37:01 AM org.apache.catalina.core.StandardService stop
INFO: Stopping service Catalina
Aug 14, 2011 3:37:01 AM org.apache.coyote.http11.Http11AprProtocol destroy
INFO: Stopping Coyote HTTP/1.1 on http-8080
Aug 14, 2011 3:37:01 AM org.apache.coyote.ajp.AjpAprProtocol destroy
INFO: Stopping Coyote AJP/1.3 on ajp-8009
Aug 14, 2011 3:37:03 AM org.apache.catalina.core.AprLifecycleListener init
INFO: Loaded APR based Apache Tomcat Native library 1.1.20.
Aug 14, 2011 3:37:03 AM org.apache.catalina.core.AprLifecycleListener init
INFO: APR capabilities: IPv6 [true], sendfile [true], accept filters [false], random [true].
Aug 14, 2011 3:37:04 AM org.apache.coyote.http11.Http11AprProtocol init
INFO: Initializing Coyote HTTP/1.1 on http-8080
Aug 14, 2011 3:37:04 AM org.apache.coyote.ajp.AjpAprProtocol init
INFO: Initializing Coyote AJP/1.3 on ajp-8009
Aug 14, 2011 3:37:04 AM org.apache.catalina.startup.Catalina load
INFO: Initialization processed in 1033 ms
Aug 14, 2011 3:37:04 AM org.apache.catalina.core.StandardService start
INFO: Starting service Catalina
Aug 14, 2011 3:37:04 AM org.apache.catalina.core.StandardEngine start
INFO: Starting Servlet Engine: Apache Tomcat/6.0.32
Aug 14, 2011 3:37:04 AM org.apache.catalina.startup.HostConfig deployDescriptor
INFO: Deploying configuration descriptor host-manager.xml
Aug 14, 2011 3:37:04 AM org.apache.catalina.startup.HostConfig deployDescriptor
INFO: Deploying configuration descriptor manager.xml
Aug 14, 2011 3:37:04 AM org.apache.catalina.startup.HostConfig deployDirectory
INFO: Deploying web application directory docs
Aug 14, 2011 3:37:04 AM org.apache.catalina.startup.HostConfig deployDirectory
INFO: Deploying web application directory examples
Aug 14, 2011 3:37:05 AM org.apache.catalina.startup.HostConfig deployDirectory
INFO: Deploying web application directory ROOT
Aug 14, 2011 3:37:05 AM org.apache.coyote.http11.Http11AprProtocol start
INFO: Starting Coyote HTTP/1.1 on http-8080
Aug 14, 2011 3:37:05 AM org.apache.coyote.ajp.AjpAprProtocol start
INFO: Starting Coyote AJP/1.3 on ajp-8009
Aug 14, 2011 3:37:05 AM org.apache.catalina.startup.Catalina start
INFO: Server startup in 664 ms
Aug 14, 2011 3:49:25 AM org.apache.catalina.startup.HostConfig checkResources
INFO: Undeploying context [/manager]
Aug 14, 2011 3:49:25 AM org.apache.catalina.startup.HostConfig deployDescriptor
INFO: Deploying configuration descriptor manager.xml
Aug 14, 2011 3:49:25 AM org.apache.tomcat.util.digester.Digester fatalError
SEVERE: Parse Fatal Error at line 19 column 2: The markup in the document following the root element must be well-formed.
org.xml.sax.SAXParseException; systemId: file://D/apache-tomcat-6.0.32/conf/Catalina/localhost/manager.xml; lineNumber: 19; columnNumber: 2; The markup in the document following the root element must be well-formed.
	at com.sun.org.apache.xerces.internal.util.ErrorHandlerWrapper.createSAXParseException(ErrorHandlerWrapper.java:198)
	at com.sun.org.apache.xerces.internal.util.ErrorHandlerWrapper.fatalError(ErrorHandlerWrapper.java:177)
	at com.sun.org.apache.xerces.internal.impl.XMLErrorReporter.reportError(XMLErrorReporter.java:441)
	at com.sun.org.apache.xerces.internal.impl.XMLErrorReporter.reportError(XMLErrorReporter.java:368)
	at com.sun.org.apache.xerces.internal.impl.XMLScanner.reportFatalError(XMLScanner.java:1375)
	at com.sun.org.apache.xerces.internal.impl.XMLDocumentScannerImpl$TrailingMiscDriver.next(XMLDocumentScannerImpl.java:1380)
	at com.sun.org.apache.xerces.internal.impl.XMLDocumentScannerImpl.next(XMLDocumentScannerImpl.java:607)
	at com.sun.org.apache.xerces.internal.impl.XMLDocumentFragmentScannerImpl.scanDocument(XMLDocumentFragmentScannerImpl.java:488)
	at com.sun.org.apache.xerces.internal.parsers.XML11Configuration.parse(XML11Configuration.java:835)
	at com.sun.org.apache.xerces.internal.parsers.XML11Configuration.parse(XML11Configuration.java:764)
	at com.sun.org.apache.xerces.internal.parsers.XMLParser.parse(XMLParser.java:123)
	at com.sun.org.apache.xerces.internal.parsers.AbstractSAXParser.parse(AbstractSAXParser.java:1210)
	at com.sun.org.apache.xerces.internal.jaxp.SAXParserImpl$JAXPSAXParser.parse(SAXParserImpl.java:568)
	at org.apache.tomcat.util.digester.Digester.parse(Digester.java:1626)
	at org.apache.catalina.startup.HostConfig.deployDescriptor(HostConfig.java:631)
	at org.apache.catalina.startup.HostConfig.deployDescriptors(HostConfig.java:601)
	at org.apache.catalina.startup.HostConfig.deployApps(HostConfig.java:502)
	at org.apache.catalina.startup.HostConfig.check(HostConfig.java:1383)
	at org.apache.catalina.startup.HostConfig.lifecycleEvent(HostConfig.java:306)
	at org.apache.catalina.util.LifecycleSupport.fireLifecycleEvent(LifecycleSupport.java:142)
	at org.apache.catalina.core.ContainerBase.backgroundProcess(ContainerBase.java:1385)
	at org.apache.catalina.core.ContainerBase$ContainerBackgroundProcessor.processChildren(ContainerBase.java:1649)
	at org.apache.catalina.core.ContainerBase$ContainerBackgroundProcessor.processChildren(ContainerBase.java:1658)
	at org.apache.catalina.core.ContainerBase$ContainerBackgroundProcessor.run(ContainerBase.java:1638)
	at java.lang.Thread.run(Thread.java:722)

Aug 14, 2011 3:49:25 AM org.apache.catalina.startup.HostConfig deployDescriptor
SEVERE: Error deploying configuration descriptor manager.xml
org.xml.sax.SAXParseException; systemId: file://D/apache-tomcat-6.0.32/conf/Catalina/localhost/manager.xml; lineNumber: 19; columnNumber: 2; The markup in the document following the root element must be well-formed.
	at com.sun.org.apache.xerces.internal.parsers.AbstractSAXParser.parse(AbstractSAXParser.java:1236)
	at com.sun.org.apache.xerces.internal.jaxp.SAXParserImpl$JAXPSAXParser.parse(SAXParserImpl.java:568)
	at org.apache.tomcat.util.digester.Digester.parse(Digester.java:1626)
	at org.apache.catalina.startup.HostConfig.deployDescriptor(HostConfig.java:631)
	at org.apache.catalina.startup.HostConfig.deployDescriptors(HostConfig.java:601)
	at org.apache.catalina.startup.HostConfig.deployApps(HostConfig.java:502)
	at org.apache.catalina.startup.HostConfig.check(HostConfig.java:1383)
	at org.apache.catalina.startup.HostConfig.lifecycleEvent(HostConfig.java:306)
	at org.apache.catalina.util.LifecycleSupport.fireLifecycleEvent(LifecycleSupport.java:142)
	at org.apache.catalina.core.ContainerBase.backgroundProcess(ContainerBase.java:1385)
	at org.apache.catalina.core.ContainerBase$ContainerBackgroundProcessor.processChildren(ContainerBase.java:1649)
	at org.apache.catalina.core.ContainerBase$ContainerBackgroundProcessor.processChildren(ContainerBase.java:1658)
	at org.apache.catalina.core.ContainerBase$ContainerBackgroundProcessor.run(ContainerBase.java:1638)
	at java.lang.Thread.run(Thread.java:722)

Aug 14, 2011 3:49:25 AM org.apache.catalina.startup.HostConfig deployDirectory
INFO: Deploying web application directory manager
Aug 14, 2011 3:49:42 AM org.apache.coyote.http11.Http11AprProtocol pause
INFO: Pausing Coyote HTTP/1.1 on http-8080
Aug 14, 2011 3:49:42 AM org.apache.coyote.ajp.AjpAprProtocol pause
INFO: Pausing Coyote AJP/1.3 on ajp-8009
Aug 14, 2011 3:49:43 AM org.apache.catalina.core.StandardService stop
INFO: Stopping service Catalina
Aug 14, 2011 3:49:43 AM org.apache.coyote.http11.Http11AprProtocol destroy
INFO: Stopping Coyote HTTP/1.1 on http-8080
Aug 14, 2011 3:49:43 AM org.apache.coyote.ajp.AjpAprProtocol destroy
INFO: Stopping Coyote AJP/1.3 on ajp-8009
Aug 14, 2011 3:49:47 AM org.apache.catalina.core.AprLifecycleListener init
INFO: Loaded APR based Apache Tomcat Native library 1.1.20.
Aug 14, 2011 3:49:47 AM org.apache.catalina.core.AprLifecycleListener init
INFO: APR capabilities: IPv6 [true], sendfile [true], accept filters [false], random [true].
Aug 14, 2011 3:49:48 AM org.apache.coyote.http11.Http11AprProtocol init
INFO: Initializing Coyote HTTP/1.1 on http-8080
Aug 14, 2011 3:49:48 AM org.apache.coyote.ajp.AjpAprProtocol init
INFO: Initializing Coyote AJP/1.3 on ajp-8009
Aug 14, 2011 3:49:48 AM org.apache.catalina.startup.Catalina load
INFO: Initialization processed in 1091 ms
Aug 14, 2011 3:49:48 AM org.apache.catalina.core.StandardService start
INFO: Starting service Catalina
Aug 14, 2011 3:49:48 AM org.apache.catalina.core.StandardEngine start
INFO: Starting Servlet Engine: Apache Tomcat/6.0.32
Aug 14, 2011 3:49:48 AM org.apache.catalina.startup.HostConfig deployDescriptor
INFO: Deploying configuration descriptor host-manager.xml
Aug 14, 2011 3:49:48 AM org.apache.catalina.startup.HostConfig deployDescriptor
INFO: Deploying configuration descriptor manager.xml
Aug 14, 2011 3:49:48 AM org.apache.catalina.startup.HostConfig deployDirectory
INFO: Deploying web application directory docs
Aug 14, 2011 3:49:48 AM org.apache.catalina.startup.HostConfig deployDirectory
INFO: Deploying web application directory examples
Aug 14, 2011 3:49:48 AM org.apache.catalina.startup.HostConfig deployDirectory
INFO: Deploying web application directory ROOT
Aug 14, 2011 3:49:48 AM org.apache.coyote.http11.Http11AprProtocol start
INFO: Starting Coyote HTTP/1.1 on http-8080
Aug 14, 2011 3:49:48 AM org.apache.coyote.ajp.AjpAprProtocol start
INFO: Starting Coyote AJP/1.3 on ajp-8009
Aug 14, 2011 3:49:48 AM org.apache.catalina.startup.Catalina start
INFO: Server startup in 668 ms
Aug 14, 2011 3:51:31 AM org.apache.coyote.http11.Http11AprProtocol pause
INFO: Pausing Coyote HTTP/1.1 on http-8080
Aug 14, 2011 3:51:31 AM org.apache.coyote.ajp.AjpAprProtocol pause
INFO: Pausing Coyote AJP/1.3 on ajp-8009
Aug 14, 2011 3:51:32 AM org.apache.catalina.core.StandardService stop
INFO: Stopping service Catalina
Aug 14, 2011 3:51:32 AM org.apache.coyote.http11.Http11AprProtocol destroy
INFO: Stopping Coyote HTTP/1.1 on http-8080
Aug 14, 2011 3:51:32 AM org.apache.coyote.ajp.AjpAprProtocol destroy
INFO: Stopping Coyote AJP/1.3 on ajp-8009
Aug 14, 2011 3:52:13 AM org.apache.catalina.core.AprLifecycleListener init
INFO: Loaded APR based Apache Tomcat Native library 1.1.20.
Aug 14, 2011 3:52:13 AM org.apache.catalina.core.AprLifecycleListener init
INFO: APR capabilities: IPv6 [true], sendfile [true], accept filters [false], random [true].
Aug 14, 2011 3:52:13 AM org.apache.coyote.http11.Http11AprProtocol init
INFO: Initializing Coyote HTTP/1.1 on http-8080
Aug 14, 2011 3:52:13 AM org.apache.coyote.ajp.AjpAprProtocol init
INFO: Initializing Coyote AJP/1.3 on ajp-8009
Aug 14, 2011 3:52:13 AM org.apache.catalina.startup.Catalina load
INFO: Initialization processed in 1064 ms
Aug 14, 2011 3:52:13 AM org.apache.catalina.core.StandardService start
INFO: Starting service Catalina
Aug 14, 2011 3:52:13 AM org.apache.catalina.core.StandardEngine start
INFO: Starting Servlet Engine: Apache Tomcat/6.0.32
Aug 14, 2011 3:52:13 AM org.apache.catalina.startup.HostConfig deployDescriptor
INFO: Deploying configuration descriptor host-manager.xml
Aug 14, 2011 3:52:14 AM org.apache.catalina.startup.HostConfig deployDescriptor
INFO: Deploying configuration descriptor manager.xml
Aug 14, 2011 3:52:14 AM org.apache.tomcat.util.digester.Digester fatalError
SEVERE: Parse Fatal Error at line 20 column 2: The markup in the document following the root element must be well-formed.
org.xml.sax.SAXParseException; systemId: file://D/apache-tomcat-6.0.32/conf/Catalina/localhost/manager.xml; lineNumber: 20; columnNumber: 2; The markup in the document following the root element must be well-formed.
	at com.sun.org.apache.xerces.internal.util.ErrorHandlerWrapper.createSAXParseException(ErrorHandlerWrapper.java:198)
	at com.sun.org.apache.xerces.internal.util.ErrorHandlerWrapper.fatalError(ErrorHandlerWrapper.java:177)
	at com.sun.org.apache.xerces.internal.impl.XMLErrorReporter.reportError(XMLErrorReporter.java:441)
	at com.sun.org.apache.xerces.internal.impl.XMLErrorReporter.reportError(XMLErrorReporter.java:368)
	at com.sun.org.apache.xerces.internal.impl.XMLScanner.reportFatalError(XMLScanner.java:1375)
	at com.sun.org.apache.xerces.internal.impl.XMLDocumentScannerImpl$TrailingMiscDriver.next(XMLDocumentScannerImpl.java:1380)
	at com.sun.org.apache.xerces.internal.impl.XMLDocumentScannerImpl.next(XMLDocumentScannerImpl.java:607)
	at com.sun.org.apache.xerces.internal.impl.XMLDocumentFragmentScannerImpl.scanDocument(XMLDocumentFragmentScannerImpl.java:488)
	at com.sun.org.apache.xerces.internal.parsers.XML11Configuration.parse(XML11Configuration.java:835)
	at com.sun.org.apache.xerces.internal.parsers.XML11Configuration.parse(XML11Configuration.java:764)
	at com.sun.org.apache.xerces.internal.parsers.XMLParser.parse(XMLParser.java:123)
	at com.sun.org.apache.xerces.internal.parsers.AbstractSAXParser.parse(AbstractSAXParser.java:1210)
	at com.sun.org.apache.xerces.internal.jaxp.SAXParserImpl$JAXPSAXParser.parse(SAXParserImpl.java:568)
	at org.apache.tomcat.util.digester.Digester.parse(Digester.java:1626)
	at org.apache.catalina.startup.HostConfig.deployDescriptor(HostConfig.java:631)
	at org.apache.catalina.startup.HostConfig.deployDescriptors(HostConfig.java:601)
	at org.apache.catalina.startup.HostConfig.deployApps(HostConfig.java:502)
	at org.apache.catalina.startup.HostConfig.start(HostConfig.java:1315)
	at org.apache.catalina.startup.HostConfig.lifecycleEvent(HostConfig.java:324)
	at org.apache.catalina.util.LifecycleSupport.fireLifecycleEvent(LifecycleSupport.java:142)
	at org.apache.catalina.core.ContainerBase.start(ContainerBase.java:1061)
	at org.apache.catalina.core.StandardHost.start(StandardHost.java:840)
	at org.apache.catalina.core.ContainerBase.start(ContainerBase.java:1053)
	at org.apache.catalina.core.StandardEngine.start(StandardEngine.java:463)
	at org.apache.catalina.core.StandardService.start(StandardService.java:525)
	at org.apache.catalina.core.StandardServer.start(StandardServer.java:754)
	at org.apache.catalina.startup.Catalina.start(Catalina.java:595)
	at sun.reflect.NativeMethodAccessorImpl.invoke0(Native Method)
	at sun.reflect.NativeMethodAccessorImpl.invoke(NativeMethodAccessorImpl.java:57)
	at sun.reflect.DelegatingMethodAccessorImpl.invoke(DelegatingMethodAccessorImpl.java:43)
	at java.lang.reflect.Method.invoke(Method.java:601)
	at org.apache.catalina.startup.Bootstrap.start(Bootstrap.java:289)
	at org.apache.catalina.startup.Bootstrap.main(Bootstrap.java:414)

Aug 14, 2011 3:52:14 AM org.apache.catalina.startup.HostConfig deployDescriptor
SEVERE: Error deploying configuration descriptor manager.xml
org.xml.sax.SAXParseException; systemId: file://D/apache-tomcat-6.0.32/conf/Catalina/localhost/manager.xml; lineNumber: 20; columnNumber: 2; The markup in the document following the root element must be well-formed.
	at com.sun.org.apache.xerces.internal.parsers.AbstractSAXParser.parse(AbstractSAXParser.java:1236)
	at com.sun.org.apache.xerces.internal.jaxp.SAXParserImpl$JAXPSAXParser.parse(SAXParserImpl.java:568)
	at org.apache.tomcat.util.digester.Digester.parse(Digester.java:1626)
	at org.apache.catalina.startup.HostConfig.deployDescriptor(HostConfig.java:631)
	at org.apache.catalina.startup.HostConfig.deployDescriptors(HostConfig.java:601)
	at org.apache.catalina.startup.HostConfig.deployApps(HostConfig.java:502)
	at org.apache.catalina.startup.HostConfig.start(HostConfig.java:1315)
	at org.apache.catalina.startup.HostConfig.lifecycleEvent(HostConfig.java:324)
	at org.apache.catalina.util.LifecycleSupport.fireLifecycleEvent(LifecycleSupport.java:142)
	at org.apache.catalina.core.ContainerBase.start(ContainerBase.java:1061)
	at org.apache.catalina.core.StandardHost.start(StandardHost.java:840)
	at org.apache.catalina.core.ContainerBase.start(ContainerBase.java:1053)
	at org.apache.catalina.core.StandardEngine.start(StandardEngine.java:463)
	at org.apache.catalina.core.StandardService.start(StandardService.java:525)
	at org.apache.catalina.core.StandardServer.start(StandardServer.java:754)
	at org.apache.catalina.startup.Catalina.start(Catalina.java:595)
	at sun.reflect.NativeMethodAccessorImpl.invoke0(Native Method)
	at sun.reflect.NativeMethodAccessorImpl.invoke(NativeMethodAccessorImpl.java:57)
	at sun.reflect.DelegatingMethodAccessorImpl.invoke(DelegatingMethodAccessorImpl.java:43)
	at java.lang.reflect.Method.invoke(Method.java:601)
	at org.apache.catalina.startup.Bootstrap.start(Bootstrap.java:289)
	at org.apache.catalina.startup.Bootstrap.main(Bootstrap.java:414)

Aug 14, 2011 3:52:14 AM org.apache.catalina.startup.HostConfig deployDirectory
INFO: Deploying web application directory docs
Aug 14, 2011 3:52:14 AM org.apache.catalina.startup.HostConfig deployDirectory
INFO: Deploying web application directory examples
Aug 14, 2011 3:52:14 AM org.apache.catalina.startup.HostConfig deployDirectory
INFO: Deploying web application directory manager
Aug 14, 2011 3:52:14 AM org.apache.catalina.startup.HostConfig deployDirectory
INFO: Deploying web application directory ROOT
Aug 14, 2011 3:52:14 AM org.apache.coyote.http11.Http11AprProtocol start
INFO: Starting Coyote HTTP/1.1 on http-8080
Aug 14, 2011 3:52:14 AM org.apache.coyote.ajp.AjpAprProtocol start
INFO: Starting Coyote AJP/1.3 on ajp-8009
Aug 14, 2011 3:52:14 AM org.apache.catalina.startup.Catalina start
INFO: Server startup in 784 ms
Aug 14, 2011 3:54:14 AM org.apache.catalina.startup.HostConfig checkResources
INFO: Undeploying context [/manager]
Aug 14, 2011 3:54:14 AM org.apache.catalina.startup.HostConfig deployDescriptor
INFO: Deploying configuration descriptor manager.xml
Aug 14, 2011 3:54:14 AM org.apache.catalina.startup.HostConfig deployDescriptor
WARNING: A docBase D:\apache-tomcat-6.0.32\webapps\usr\local\tomcat6\webapps\manager inside the host appBase has been specified, and will be ignored
Aug 14, 2011 3:54:18 AM org.apache.coyote.http11.Http11AprProtocol pause
INFO: Pausing Coyote HTTP/1.1 on http-8080
Aug 14, 2011 3:54:18 AM org.apache.coyote.ajp.AjpAprProtocol pause
INFO: Pausing Coyote AJP/1.3 on ajp-8009
Aug 14, 2011 3:54:19 AM org.apache.catalina.core.StandardService stop
INFO: Stopping service Catalina
Aug 14, 2011 3:54:19 AM org.apache.coyote.http11.Http11AprProtocol destroy
INFO: Stopping Coyote HTTP/1.1 on http-8080
Aug 14, 2011 3:54:19 AM org.apache.coyote.ajp.AjpAprProtocol destroy
INFO: Stopping Coyote AJP/1.3 on ajp-8009
Aug 14, 2011 3:54:21 AM org.apache.catalina.core.AprLifecycleListener init
INFO: Loaded APR based Apache Tomcat Native library 1.1.20.
Aug 14, 2011 3:54:21 AM org.apache.catalina.core.AprLifecycleListener init
INFO: APR capabilities: IPv6 [true], sendfile [true], accept filters [false], random [true].
Aug 14, 2011 3:54:21 AM org.apache.coyote.http11.Http11AprProtocol init
INFO: Initializing Coyote HTTP/1.1 on http-8080
Aug 14, 2011 3:54:21 AM org.apache.coyote.ajp.AjpAprProtocol init
INFO: Initializing Coyote AJP/1.3 on ajp-8009
Aug 14, 2011 3:54:21 AM org.apache.catalina.startup.Catalina load
INFO: Initialization processed in 1053 ms
Aug 14, 2011 3:54:21 AM org.apache.catalina.core.StandardService start
INFO: Starting service Catalina
Aug 14, 2011 3:54:21 AM org.apache.catalina.core.StandardEngine start
INFO: Starting Servlet Engine: Apache Tomcat/6.0.32
Aug 14, 2011 3:54:21 AM org.apache.catalina.startup.HostConfig deployDescriptor
INFO: Deploying configuration descriptor host-manager.xml
Aug 14, 2011 3:54:22 AM org.apache.catalina.startup.HostConfig deployDescriptor
INFO: Deploying configuration descriptor manager.xml
Aug 14, 2011 3:54:22 AM org.apache.catalina.startup.HostConfig deployDescriptor
WARNING: A docBase D:\apache-tomcat-6.0.32\webapps\usr\local\tomcat6\webapps\manager inside the host appBase has been specified, and will be ignored
Aug 14, 2011 3:54:22 AM org.apache.catalina.startup.HostConfig deployDirectory
INFO: Deploying web application directory docs
Aug 14, 2011 3:54:22 AM org.apache.catalina.startup.HostConfig deployDirectory
INFO: Deploying web application directory examples
Aug 14, 2011 3:54:22 AM org.apache.catalina.startup.HostConfig deployDirectory
INFO: Deploying web application directory ROOT
Aug 14, 2011 3:54:22 AM org.apache.coyote.http11.Http11AprProtocol start
INFO: Starting Coyote HTTP/1.1 on http-8080
Aug 14, 2011 3:54:22 AM org.apache.coyote.ajp.AjpAprProtocol start
INFO: Starting Coyote AJP/1.3 on ajp-8009
Aug 14, 2011 3:54:22 AM org.apache.catalina.startup.Catalina start
INFO: Server startup in 656 ms
Aug 14, 2011 3:54:57 AM org.apache.coyote.http11.Http11AprProtocol pause
INFO: Pausing Coyote HTTP/1.1 on http-8080
Aug 14, 2011 3:54:57 AM org.apache.coyote.ajp.AjpAprProtocol pause
INFO: Pausing Coyote AJP/1.3 on ajp-8009
Aug 14, 2011 3:54:58 AM org.apache.catalina.core.StandardService stop
INFO: Stopping service Catalina
Aug 14, 2011 3:54:59 AM org.apache.coyote.http11.Http11AprProtocol destroy
INFO: Stopping Coyote HTTP/1.1 on http-8080
Aug 14, 2011 3:54:59 AM org.apache.coyote.ajp.AjpAprProtocol destroy
INFO: Stopping Coyote AJP/1.3 on ajp-8009
Aug 14, 2011 3:55:29 AM org.apache.catalina.core.AprLifecycleListener init
INFO: Loaded APR based Apache Tomcat Native library 1.1.20.
Aug 14, 2011 3:55:29 AM org.apache.catalina.core.AprLifecycleListener init
INFO: APR capabilities: IPv6 [true], sendfile [true], accept filters [false], random [true].
Aug 14, 2011 3:55:30 AM org.apache.coyote.http11.Http11AprProtocol init
INFO: Initializing Coyote HTTP/1.1 on http-8080
Aug 14, 2011 3:55:30 AM org.apache.coyote.ajp.AjpAprProtocol init
INFO: Initializing Coyote AJP/1.3 on ajp-8009
Aug 14, 2011 3:55:30 AM org.apache.catalina.startup.Catalina load
INFO: Initialization processed in 1393 ms
Aug 14, 2011 3:55:31 AM org.apache.catalina.core.StandardService start
INFO: Starting service Catalina
Aug 14, 2011 3:55:31 AM org.apache.catalina.core.StandardEngine start
INFO: Starting Servlet Engine: Apache Tomcat/6.0.32
Aug 14, 2011 3:55:31 AM org.apache.catalina.startup.HostConfig deployDescriptor
INFO: Deploying configuration descriptor host-manager.xml
Aug 14, 2011 3:55:31 AM org.apache.catalina.startup.HostConfig deployDescriptor
INFO: Deploying configuration descriptor manager.xml
Aug 14, 2011 3:55:31 AM org.apache.catalina.startup.HostConfig deployDescriptor
WARNING: A docBase D:\apache-tomcat-6.0.32\webapps\usr\local\tomcat6\webapps\dukeschoice inside the host appBase has been specified, and will be ignored
Aug 14, 2011 3:55:31 AM org.apache.catalina.startup.HostConfig deployDirectory
INFO: Deploying web application directory docs
Aug 14, 2011 3:55:31 AM org.apache.catalina.startup.HostConfig deployDirectory
INFO: Deploying web application directory examples
Aug 14, 2011 3:55:31 AM org.apache.catalina.startup.HostConfig deployDirectory
INFO: Deploying web application directory ROOT
Aug 14, 2011 3:55:31 AM org.apache.coyote.http11.Http11AprProtocol start
INFO: Starting Coyote HTTP/1.1 on http-8080
Aug 14, 2011 3:55:31 AM org.apache.coyote.ajp.AjpAprProtocol start
INFO: Starting Coyote AJP/1.3 on ajp-8009
Aug 14, 2011 3:55:31 AM org.apache.catalina.startup.Catalina start
INFO: Server startup in 667 ms
Aug 14, 2011 3:57:46 AM org.apache.coyote.http11.Http11AprProtocol pause
INFO: Pausing Coyote HTTP/1.1 on http-8080
Aug 14, 2011 3:57:46 AM org.apache.coyote.ajp.AjpAprProtocol pause
INFO: Pausing Coyote AJP/1.3 on ajp-8009
Aug 14, 2011 3:57:47 AM org.apache.catalina.core.StandardService stop
INFO: Stopping service Catalina
Aug 14, 2011 3:57:47 AM org.apache.coyote.http11.Http11AprProtocol destroy
INFO: Stopping Coyote HTTP/1.1 on http-8080
Aug 14, 2011 3:57:47 AM org.apache.coyote.ajp.AjpAprProtocol destroy
INFO: Stopping Coyote AJP/1.3 on ajp-8009
Aug 14, 2011 4:01:03 AM org.apache.catalina.core.AprLifecycleListener init
INFO: Loaded APR based Apache Tomcat Native library 1.1.20.
Aug 14, 2011 4:01:03 AM org.apache.catalina.core.AprLifecycleListener init
INFO: APR capabilities: IPv6 [true], sendfile [true], accept filters [false], random [true].
Aug 14, 2011 4:01:03 AM org.apache.coyote.http11.Http11AprProtocol init
INFO: Initializing Coyote HTTP/1.1 on http-8080
Aug 14, 2011 4:01:03 AM org.apache.coyote.ajp.AjpAprProtocol init
INFO: Initializing Coyote AJP/1.3 on ajp-8009
Aug 14, 2011 4:01:03 AM org.apache.catalina.startup.Catalina load
INFO: Initialization processed in 1090 ms
Aug 14, 2011 4:01:04 AM org.apache.catalina.core.StandardService start
INFO: Starting service Catalina
Aug 14, 2011 4:01:04 AM org.apache.catalina.core.StandardEngine start
INFO: Starting Servlet Engine: Apache Tomcat/6.0.32
Aug 14, 2011 4:01:04 AM org.apache.catalina.startup.HostConfig deployDescriptor
INFO: Deploying configuration descriptor dukeschoice.xml
Aug 14, 2011 4:01:04 AM org.apache.catalina.startup.HostConfig deployDescriptor
WARNING: A docBase D:\apache-tomcat-6.0.32\webapps\examples\jsp\dukeschoice inside the host appBase has been specified, and will be ignored
Aug 14, 2011 4:01:04 AM org.apache.catalina.core.StandardContext resourcesStart
SEVERE: Error starting static Resources
java.lang.IllegalArgumentException: Document base D:\apache-tomcat-6.0.32\webapps\dukeschoice does not exist or is not a readable directory
	at org.apache.naming.resources.FileDirContext.setDocBase(FileDirContext.java:142)
	at org.apache.catalina.core.StandardContext.resourcesStart(StandardContext.java:4319)
	at org.apache.catalina.core.StandardContext.start(StandardContext.java:4488)
	at org.apache.catalina.core.ContainerBase.addChildInternal(ContainerBase.java:799)
	at org.apache.catalina.core.ContainerBase.addChild(ContainerBase.java:779)
	at org.apache.catalina.core.StandardHost.addChild(StandardHost.java:601)
	at org.apache.catalina.startup.HostConfig.deployDescriptor(HostConfig.java:675)
	at org.apache.catalina.startup.HostConfig.deployDescriptors(HostConfig.java:601)
	at org.apache.catalina.startup.HostConfig.deployApps(HostConfig.java:502)
	at org.apache.catalina.startup.HostConfig.start(HostConfig.java:1315)
	at org.apache.catalina.startup.HostConfig.lifecycleEvent(HostConfig.java:324)
	at org.apache.catalina.util.LifecycleSupport.fireLifecycleEvent(LifecycleSupport.java:142)
	at org.apache.catalina.core.ContainerBase.start(ContainerBase.java:1061)
	at org.apache.catalina.core.StandardHost.start(StandardHost.java:840)
	at org.apache.catalina.core.ContainerBase.start(ContainerBase.java:1053)
	at org.apache.catalina.core.StandardEngine.start(StandardEngine.java:463)
	at org.apache.catalina.core.StandardService.start(StandardService.java:525)
	at org.apache.catalina.core.StandardServer.start(StandardServer.java:754)
	at org.apache.catalina.startup.Catalina.start(Catalina.java:595)
	at sun.reflect.NativeMethodAccessorImpl.invoke0(Native Method)
	at sun.reflect.NativeMethodAccessorImpl.invoke(NativeMethodAccessorImpl.java:57)
	at sun.reflect.DelegatingMethodAccessorImpl.invoke(DelegatingMethodAccessorImpl.java:43)
	at java.lang.reflect.Method.invoke(Method.java:601)
	at org.apache.catalina.startup.Bootstrap.start(Bootstrap.java:289)
	at org.apache.catalina.startup.Bootstrap.main(Bootstrap.java:414)

Aug 14, 2011 4:01:04 AM org.apache.catalina.core.StandardContext start
SEVERE: Error in resourceStart()
Aug 14, 2011 4:01:04 AM org.apache.catalina.core.StandardContext start
SEVERE: Error getConfigured
Aug 14, 2011 4:01:04 AM org.apache.catalina.core.StandardContext start
SEVERE: Context [/dukeschoice] startup failed due to previous errors
Aug 14, 2011 4:01:04 AM org.apache.catalina.core.StandardContext stop
INFO: Container org.apache.catalina.core.ContainerBase.[Catalina].[localhost].[/dukeschoice] has not been started
Aug 14, 2011 4:01:04 AM org.apache.catalina.startup.HostConfig deployDescriptor
INFO: Deploying configuration descriptor host-manager.xml
Aug 14, 2011 4:01:04 AM org.apache.catalina.startup.HostConfig deployDescriptor
INFO: Deploying configuration descriptor manager.xml
Aug 14, 2011 4:01:04 AM org.apache.catalina.startup.HostConfig deployDirectory
INFO: Deploying web application directory docs
Aug 14, 2011 4:01:04 AM org.apache.catalina.startup.HostConfig deployDirectory
INFO: Deploying web application directory examples
Aug 14, 2011 4:01:04 AM org.apache.catalina.startup.HostConfig deployDirectory
INFO: Deploying web application directory ROOT
Aug 14, 2011 4:01:04 AM org.apache.coyote.http11.Http11AprProtocol start
INFO: Starting Coyote HTTP/1.1 on http-8080
Aug 14, 2011 4:01:04 AM org.apache.coyote.ajp.AjpAprProtocol start
INFO: Starting Coyote AJP/1.3 on ajp-8009
Aug 14, 2011 4:01:04 AM org.apache.catalina.startup.Catalina start
INFO: Server startup in 770 ms
Aug 14, 2011 4:01:16 AM org.apache.coyote.http11.Http11AprProtocol pause
INFO: Pausing Coyote HTTP/1.1 on http-8080
Aug 14, 2011 4:01:16 AM org.apache.coyote.ajp.AjpAprProtocol pause
INFO: Pausing Coyote AJP/1.3 on ajp-8009
Aug 14, 2011 4:01:17 AM org.apache.catalina.core.StandardService stop
INFO: Stopping service Catalina
Aug 14, 2011 4:01:17 AM org.apache.coyote.http11.Http11AprProtocol destroy
INFO: Stopping Coyote HTTP/1.1 on http-8080
Aug 14, 2011 4:01:17 AM org.apache.coyote.ajp.AjpAprProtocol destroy
INFO: Stopping Coyote AJP/1.3 on ajp-8009
Aug 14, 2011 4:01:50 AM org.apache.catalina.startup.Catalina stopServer
SEVERE: Catalina.stop: 
java.net.ConnectException: Connection refused: connect
	at java.net.TwoStacksPlainSocketImpl.socketConnect(Native Method)
	at java.net.AbstractPlainSocketImpl.doConnect(AbstractPlainSocketImpl.java:337)
	at java.net.AbstractPlainSocketImpl.connectToAddress(AbstractPlainSocketImpl.java:198)
	at java.net.AbstractPlainSocketImpl.connect(AbstractPlainSocketImpl.java:180)
	at java.net.PlainSocketImpl.connect(PlainSocketImpl.java:157)
	at java.net.SocksSocketImpl.connect(SocksSocketImpl.java:391)
	at java.net.Socket.connect(Socket.java:578)
	at java.net.Socket.connect(Socket.java:527)
	at java.net.Socket.<init>(Socket.java:424)
	at java.net.Socket.<init>(Socket.java:207)
	at org.apache.catalina.startup.Catalina.stopServer(Catalina.java:422)
	at sun.reflect.NativeMethodAccessorImpl.invoke0(Native Method)
	at sun.reflect.NativeMethodAccessorImpl.invoke(NativeMethodAccessorImpl.java:57)
	at sun.reflect.DelegatingMethodAccessorImpl.invoke(DelegatingMethodAccessorImpl.java:43)
	at java.lang.reflect.Method.invoke(Method.java:601)
	at org.apache.catalina.startup.Bootstrap.stopServer(Bootstrap.java:338)
	at org.apache.catalina.startup.Bootstrap.main(Bootstrap.java:416)

Aug 14, 2011 4:02:18 AM org.apache.catalina.core.AprLifecycleListener init
INFO: Loaded APR based Apache Tomcat Native library 1.1.20.
Aug 14, 2011 4:02:18 AM org.apache.catalina.core.AprLifecycleListener init
INFO: APR capabilities: IPv6 [true], sendfile [true], accept filters [false], random [true].
Aug 14, 2011 4:02:18 AM org.apache.coyote.http11.Http11AprProtocol init
INFO: Initializing Coyote HTTP/1.1 on http-8080
Aug 14, 2011 4:02:18 AM org.apache.coyote.ajp.AjpAprProtocol init
INFO: Initializing Coyote AJP/1.3 on ajp-8009
Aug 14, 2011 4:02:18 AM org.apache.catalina.startup.Catalina load
INFO: Initialization processed in 1038 ms
Aug 14, 2011 4:02:18 AM org.apache.catalina.core.StandardService start
INFO: Starting service Catalina
Aug 14, 2011 4:02:18 AM org.apache.catalina.core.StandardEngine start
INFO: Starting Servlet Engine: Apache Tomcat/6.0.32
Aug 14, 2011 4:02:18 AM org.apache.catalina.startup.HostConfig deployDescriptor
INFO: Deploying configuration descriptor dukeschoice.xml
Aug 14, 2011 4:02:18 AM org.apache.catalina.startup.HostConfig deployDescriptor
WARNING: A docBase D:\apache-tomcat-6.0.32\webapps\examples\jsp\dukeschoice inside the host appBase has been specified, and will be ignored
Aug 14, 2011 4:02:18 AM org.apache.catalina.core.StandardContext resourcesStart
SEVERE: Error starting static Resources
java.lang.IllegalArgumentException: Document base D:\apache-tomcat-6.0.32\webapps\dukeschoice does not exist or is not a readable directory
	at org.apache.naming.resources.FileDirContext.setDocBase(FileDirContext.java:142)
	at org.apache.catalina.core.StandardContext.resourcesStart(StandardContext.java:4319)
	at org.apache.catalina.core.StandardContext.start(StandardContext.java:4488)
	at org.apache.catalina.core.ContainerBase.addChildInternal(ContainerBase.java:799)
	at org.apache.catalina.core.ContainerBase.addChild(ContainerBase.java:779)
	at org.apache.catalina.core.StandardHost.addChild(StandardHost.java:601)
	at org.apache.catalina.startup.HostConfig.deployDescriptor(HostConfig.java:675)
	at org.apache.catalina.startup.HostConfig.deployDescriptors(HostConfig.java:601)
	at org.apache.catalina.startup.HostConfig.deployApps(HostConfig.java:502)
	at org.apache.catalina.startup.HostConfig.start(HostConfig.java:1315)
	at org.apache.catalina.startup.HostConfig.lifecycleEvent(HostConfig.java:324)
	at org.apache.catalina.util.LifecycleSupport.fireLifecycleEvent(LifecycleSupport.java:142)
	at org.apache.catalina.core.ContainerBase.start(ContainerBase.java:1061)
	at org.apache.catalina.core.StandardHost.start(StandardHost.java:840)
	at org.apache.catalina.core.ContainerBase.start(ContainerBase.java:1053)
	at org.apache.catalina.core.StandardEngine.start(StandardEngine.java:463)
	at org.apache.catalina.core.StandardService.start(StandardService.java:525)
	at org.apache.catalina.core.StandardServer.start(StandardServer.java:754)
	at org.apache.catalina.startup.Catalina.start(Catalina.java:595)
	at sun.reflect.NativeMethodAccessorImpl.invoke0(Native Method)
	at sun.reflect.NativeMethodAccessorImpl.invoke(NativeMethodAccessorImpl.java:57)
	at sun.reflect.DelegatingMethodAccessorImpl.invoke(DelegatingMethodAccessorImpl.java:43)
	at java.lang.reflect.Method.invoke(Method.java:601)
	at org.apache.catalina.startup.Bootstrap.start(Bootstrap.java:289)
	at org.apache.catalina.startup.Bootstrap.main(Bootstrap.java:414)

Aug 14, 2011 4:02:18 AM org.apache.catalina.core.StandardContext start
SEVERE: Error in resourceStart()
Aug 14, 2011 4:02:19 AM org.apache.catalina.core.StandardContext start
SEVERE: Error getConfigured
Aug 14, 2011 4:02:19 AM org.apache.catalina.core.StandardContext start
SEVERE: Context [/dukeschoice] startup failed due to previous errors
Aug 14, 2011 4:02:19 AM org.apache.catalina.core.StandardContext stop
INFO: Container org.apache.catalina.core.ContainerBase.[Catalina].[localhost].[/dukeschoice] has not been started
Aug 14, 2011 4:02:19 AM org.apache.catalina.startup.HostConfig deployDescriptor
INFO: Deploying configuration descriptor host-manager.xml
Aug 14, 2011 4:02:19 AM org.apache.catalina.startup.HostConfig deployDescriptor
INFO: Deploying configuration descriptor manager.xml
Aug 14, 2011 4:02:19 AM org.apache.catalina.startup.HostConfig deployDirectory
INFO: Deploying web application directory docs
Aug 14, 2011 4:02:19 AM org.apache.catalina.startup.HostConfig deployDirectory
INFO: Deploying web application directory examples
Aug 14, 2011 4:02:19 AM org.apache.catalina.startup.HostConfig deployDirectory
INFO: Deploying web application directory ROOT
Aug 14, 2011 4:02:19 AM org.apache.coyote.http11.Http11AprProtocol start
INFO: Starting Coyote HTTP/1.1 on http-8080
Aug 14, 2011 4:02:19 AM org.apache.coyote.ajp.AjpAprProtocol start
INFO: Starting Coyote AJP/1.3 on ajp-8009
Aug 14, 2011 4:02:19 AM org.apache.catalina.startup.Catalina start
INFO: Server startup in 740 ms
Aug 14, 2011 4:02:34 AM org.apache.coyote.http11.Http11AprProtocol pause
INFO: Pausing Coyote HTTP/1.1 on http-8080
Aug 14, 2011 4:02:34 AM org.apache.coyote.ajp.AjpAprProtocol pause
INFO: Pausing Coyote AJP/1.3 on ajp-8009
Aug 14, 2011 4:02:35 AM org.apache.catalina.core.StandardService stop
INFO: Stopping service Catalina
Aug 14, 2011 4:02:35 AM org.apache.coyote.http11.Http11AprProtocol destroy
INFO: Stopping Coyote HTTP/1.1 on http-8080
Aug 14, 2011 4:02:35 AM org.apache.coyote.ajp.AjpAprProtocol destroy
INFO: Stopping Coyote AJP/1.3 on ajp-8009
Aug 14, 2011 4:03:59 AM org.apache.catalina.core.AprLifecycleListener init
INFO: Loaded APR based Apache Tomcat Native library 1.1.20.
Aug 14, 2011 4:03:59 AM org.apache.catalina.core.AprLifecycleListener init
INFO: APR capabilities: IPv6 [true], sendfile [true], accept filters [false], random [true].
Aug 14, 2011 4:04:00 AM org.apache.coyote.http11.Http11AprProtocol init
INFO: Initializing Coyote HTTP/1.1 on http-8080
Aug 14, 2011 4:04:00 AM org.apache.coyote.ajp.AjpAprProtocol init
INFO: Initializing Coyote AJP/1.3 on ajp-8009
Aug 14, 2011 4:04:00 AM org.apache.catalina.startup.Catalina load
INFO: Initialization processed in 1047 ms
Aug 14, 2011 4:04:00 AM org.apache.catalina.core.StandardService start
INFO: Starting service Catalina
Aug 14, 2011 4:04:00 AM org.apache.catalina.core.StandardEngine start
INFO: Starting Servlet Engine: Apache Tomcat/6.0.32
Aug 14, 2011 4:04:00 AM org.apache.catalina.startup.HostConfig deployDescriptor
INFO: Deploying configuration descriptor dukeschoice.xml
Aug 14, 2011 4:04:00 AM org.apache.catalina.startup.HostConfig deployDescriptor
INFO: Deploying configuration descriptor host-manager.xml
Aug 14, 2011 4:04:00 AM org.apache.catalina.startup.HostConfig deployDescriptor
INFO: Deploying configuration descriptor manager.xml
Aug 14, 2011 4:04:00 AM org.apache.catalina.startup.HostConfig deployDirectory
INFO: Deploying web application directory docs
Aug 14, 2011 4:04:00 AM org.apache.catalina.startup.HostConfig deployDirectory
INFO: Deploying web application directory examples
Aug 14, 2011 4:04:00 AM org.apache.catalina.startup.HostConfig deployDirectory
INFO: Deploying web application directory ROOT
Aug 14, 2011 4:04:00 AM org.apache.coyote.http11.Http11AprProtocol start
INFO: Starting Coyote HTTP/1.1 on http-8080
Aug 14, 2011 4:04:01 AM org.apache.coyote.ajp.AjpAprProtocol start
INFO: Starting Coyote AJP/1.3 on ajp-8009
Aug 14, 2011 4:04:01 AM org.apache.catalina.startup.Catalina start
INFO: Server startup in 708 ms
Aug 14, 2011 4:06:21 AM org.apache.catalina.core.StandardContext reload
INFO: Reloading Context with name [/dukeschoice] has started
Aug 14, 2011 4:11:31 AM org.apache.catalina.startup.HostConfig deployWAR
INFO: Deploying web application archive sample.war
Aug 14, 2011 4:13:02 AM org.apache.catalina.core.StandardContext reload
INFO: Reloading Context with name [/dukeschoice] has started
Aug 14, 2011 4:14:08 AM org.apache.coyote.http11.Http11AprProtocol pause
INFO: Pausing Coyote HTTP/1.1 on http-8080
Aug 14, 2011 4:14:08 AM org.apache.coyote.ajp.AjpAprProtocol pause
INFO: Pausing Coyote AJP/1.3 on ajp-8009
Aug 14, 2011 4:14:09 AM org.apache.catalina.core.StandardService stop
INFO: Stopping service Catalina
Aug 14, 2011 4:14:09 AM org.apache.coyote.http11.Http11AprProtocol destroy
INFO: Stopping Coyote HTTP/1.1 on http-8080
Aug 14, 2011 4:14:09 AM org.apache.coyote.ajp.AjpAprProtocol destroy
INFO: Stopping Coyote AJP/1.3 on ajp-8009
Aug 14, 2011 4:14:11 AM org.apache.catalina.core.AprLifecycleListener init
INFO: Loaded APR based Apache Tomcat Native library 1.1.20.
Aug 14, 2011 4:14:11 AM org.apache.catalina.core.AprLifecycleListener init
INFO: APR capabilities: IPv6 [true], sendfile [true], accept filters [false], random [true].
Aug 14, 2011 4:14:12 AM org.apache.coyote.http11.Http11AprProtocol init
INFO: Initializing Coyote HTTP/1.1 on http-8080
Aug 14, 2011 4:14:12 AM org.apache.coyote.ajp.AjpAprProtocol init
INFO: Initializing Coyote AJP/1.3 on ajp-8009
Aug 14, 2011 4:14:12 AM org.apache.catalina.startup.Catalina load
INFO: Initialization processed in 1122 ms
Aug 14, 2011 4:14:12 AM org.apache.catalina.core.StandardService start
INFO: Starting service Catalina
Aug 14, 2011 4:14:12 AM org.apache.catalina.core.StandardEngine start
INFO: Starting Servlet Engine: Apache Tomcat/6.0.32
Aug 14, 2011 4:14:12 AM org.apache.catalina.startup.HostConfig deployDescriptor
INFO: Deploying configuration descriptor dukeschoice.xml
Aug 14, 2011 4:14:12 AM org.apache.catalina.startup.HostConfig deployDescriptor
INFO: Deploying configuration descriptor host-manager.xml
Aug 14, 2011 4:14:12 AM org.apache.catalina.startup.HostConfig deployDescriptor
INFO: Deploying configuration descriptor manager.xml
Aug 14, 2011 4:14:12 AM org.apache.catalina.startup.HostConfig deployWAR
INFO: Deploying web application archive sample.war
Aug 14, 2011 4:14:12 AM org.apache.catalina.startup.HostConfig deployDirectory
INFO: Deploying web application directory docs
Aug 14, 2011 4:14:12 AM org.apache.catalina.startup.HostConfig deployDirectory
INFO: Deploying web application directory examples
Aug 14, 2011 4:14:12 AM org.apache.catalina.startup.HostConfig deployDirectory
INFO: Deploying web application directory ROOT
Aug 14, 2011 4:14:12 AM org.apache.coyote.http11.Http11AprProtocol start
INFO: Starting Coyote HTTP/1.1 on http-8080
Aug 14, 2011 4:14:12 AM org.apache.coyote.ajp.AjpAprProtocol start
INFO: Starting Coyote AJP/1.3 on ajp-8009
Aug 14, 2011 4:14:13 AM org.apache.catalina.startup.Catalina start
INFO: Server startup in 756 ms
Aug 14, 2011 4:14:35 AM org.apache.catalina.core.StandardContext reload
INFO: Reloading Context with name [/dukeschoice] has started
Aug 14, 2011 4:15:44 AM org.apache.coyote.http11.Http11AprProtocol pause
INFO: Pausing Coyote HTTP/1.1 on http-8080
Aug 14, 2011 4:15:44 AM org.apache.coyote.ajp.AjpAprProtocol pause
INFO: Pausing Coyote AJP/1.3 on ajp-8009
Aug 14, 2011 4:15:45 AM org.apache.catalina.core.StandardService stop
INFO: Stopping service Catalina
Aug 14, 2011 4:15:45 AM org.apache.coyote.http11.Http11AprProtocol destroy
INFO: Stopping Coyote HTTP/1.1 on http-8080
Aug 14, 2011 4:15:45 AM org.apache.coyote.ajp.AjpAprProtocol destroy
INFO: Stopping Coyote AJP/1.3 on ajp-8009
Aug 14, 2011 4:16:21 AM org.apache.catalina.core.AprLifecycleListener init
INFO: Loaded APR based Apache Tomcat Native library 1.1.20.
Aug 14, 2011 4:16:21 AM org.apache.catalina.core.AprLifecycleListener init
INFO: APR capabilities: IPv6 [true], sendfile [true], accept filters [false], random [true].
Aug 14, 2011 4:16:22 AM org.apache.coyote.http11.Http11AprProtocol init
INFO: Initializing Coyote HTTP/1.1 on http-8080
Aug 14, 2011 4:16:22 AM org.apache.coyote.ajp.AjpAprProtocol init
INFO: Initializing Coyote AJP/1.3 on ajp-8009
Aug 14, 2011 4:16:22 AM org.apache.catalina.startup.Catalina load
INFO: Initialization processed in 1170 ms
Aug 14, 2011 4:16:22 AM org.apache.catalina.core.StandardService start
INFO: Starting service Catalina
Aug 14, 2011 4:16:22 AM org.apache.catalina.core.StandardEngine start
INFO: Starting Servlet Engine: Apache Tomcat/6.0.32
Aug 14, 2011 4:16:22 AM org.apache.catalina.startup.HostConfig deployDescriptor
INFO: Deploying configuration descriptor host-manager.xml
Aug 14, 2011 4:16:22 AM org.apache.catalina.startup.HostConfig deployDescriptor
INFO: Deploying configuration descriptor manager.xml
Aug 14, 2011 4:16:22 AM org.apache.catalina.startup.HostConfig deployWAR
INFO: Deploying web application archive sample.war
Aug 14, 2011 4:16:22 AM org.apache.catalina.startup.HostConfig deployDirectory
INFO: Deploying web application directory docs
Aug 14, 2011 4:16:22 AM org.apache.catalina.startup.HostConfig deployDirectory
INFO: Deploying web application directory dukeschoice
Aug 14, 2011 4:16:22 AM org.apache.catalina.startup.HostConfig deployDirectory
INFO: Deploying web application directory examples
Aug 14, 2011 4:16:22 AM org.apache.catalina.startup.HostConfig deployDirectory
INFO: Deploying web application directory ROOT
Aug 14, 2011 4:16:23 AM org.apache.coyote.http11.Http11AprProtocol start
INFO: Starting Coyote HTTP/1.1 on http-8080
Aug 14, 2011 4:16:23 AM org.apache.coyote.ajp.AjpAprProtocol start
INFO: Starting Coyote AJP/1.3 on ajp-8009
Aug 14, 2011 4:16:23 AM org.apache.catalina.startup.Catalina start
INFO: Server startup in 750 ms
Aug 14, 2011 5:14:57 AM org.apache.coyote.http11.Http11AprProtocol pause
INFO: Pausing Coyote HTTP/1.1 on http-8080
Aug 14, 2011 5:14:57 AM org.apache.coyote.ajp.AjpAprProtocol pause
INFO: Pausing Coyote AJP/1.3 on ajp-8009
Aug 14, 2011 5:14:58 AM org.apache.catalina.core.StandardService stop
INFO: Stopping service Catalina
Aug 14, 2011 5:14:58 AM org.apache.coyote.http11.Http11AprProtocol destroy
INFO: Stopping Coyote HTTP/1.1 on http-8080
Aug 14, 2011 5:14:58 AM org.apache.coyote.ajp.AjpAprProtocol destroy
INFO: Stopping Coyote AJP/1.3 on ajp-8009
Aug 14, 2011 11:40:15 PM org.apache.catalina.core.AprLifecycleListener init
INFO: Loaded APR based Apache Tomcat Native library 1.1.20.
Aug 14, 2011 11:40:15 PM org.apache.catalina.core.AprLifecycleListener init
INFO: APR capabilities: IPv6 [true], sendfile [true], accept filters [false], random [true].
Aug 14, 2011 11:40:16 PM org.apache.coyote.http11.Http11AprProtocol init
INFO: Initializing Coyote HTTP/1.1 on http-8080
Aug 14, 2011 11:40:16 PM org.apache.coyote.ajp.AjpAprProtocol init
INFO: Initializing Coyote AJP/1.3 on ajp-8009
Aug 14, 2011 11:40:16 PM org.apache.catalina.startup.Catalina load
INFO: Initialization processed in 1473 ms
Aug 14, 2011 11:40:16 PM org.apache.catalina.core.StandardService start
INFO: Starting service Catalina
Aug 14, 2011 11:40:16 PM org.apache.catalina.core.StandardEngine start
INFO: Starting Servlet Engine: Apache Tomcat/6.0.32
Aug 14, 2011 11:40:16 PM org.apache.catalina.startup.HostConfig deployDescriptor
INFO: Deploying configuration descriptor host-manager.xml
Aug 14, 2011 11:40:17 PM org.apache.catalina.startup.HostConfig deployDescriptor
INFO: Deploying configuration descriptor manager.xml
Aug 14, 2011 11:40:17 PM org.apache.catalina.startup.HostConfig deployWAR
INFO: Deploying web application archive sample.war
Aug 14, 2011 11:40:17 PM org.apache.catalina.startup.HostConfig deployDirectory
INFO: Deploying web application directory docs
Aug 14, 2011 11:40:17 PM org.apache.catalina.startup.HostConfig deployDirectory
INFO: Deploying web application directory dukeschoice
Aug 14, 2011 11:40:17 PM org.apache.catalina.startup.HostConfig deployDirectory
INFO: Deploying web application directory examples
Aug 14, 2011 11:40:17 PM org.apache.catalina.startup.HostConfig deployDirectory
INFO: Deploying web application directory ROOT
Aug 14, 2011 11:40:17 PM org.apache.coyote.http11.Http11AprProtocol start
INFO: Starting Coyote HTTP/1.1 on http-8080
Aug 14, 2011 11:40:17 PM org.apache.coyote.ajp.AjpAprProtocol start
INFO: Starting Coyote AJP/1.3 on ajp-8009
Aug 14, 2011 11:40:17 PM org.apache.catalina.startup.Catalina start
INFO: Server startup in 935 ms
Aug 14, 2011 11:46:01 PM org.apache.coyote.http11.Http11AprProtocol pause
INFO: Pausing Coyote HTTP/1.1 on http-8080
Aug 14, 2011 11:46:01 PM org.apache.coyote.ajp.AjpAprProtocol pause
INFO: Pausing Coyote AJP/1.3 on ajp-8009
Aug 14, 2011 11:46:02 PM org.apache.catalina.core.StandardService stop
INFO: Stopping service Catalina
Aug 14, 2011 11:46:02 PM org.apache.coyote.http11.Http11AprProtocol destroy
INFO: Stopping Coyote HTTP/1.1 on http-8080
Aug 14, 2011 11:46:02 PM org.apache.coyote.ajp.AjpAprProtocol destroy
INFO: Stopping Coyote AJP/1.3 on ajp-8009
Aug 14, 2011 11:46:11 PM org.apache.catalina.core.AprLifecycleListener init
INFO: Loaded APR based Apache Tomcat Native library 1.1.20.
Aug 14, 2011 11:46:11 PM org.apache.catalina.core.AprLifecycleListener init
INFO: APR capabilities: IPv6 [true], sendfile [true], accept filters [false], random [true].
Aug 14, 2011 11:46:12 PM org.apache.coyote.http11.Http11AprProtocol init
INFO: Initializing Coyote HTTP/1.1 on http-8080
Aug 14, 2011 11:46:12 PM org.apache.coyote.ajp.AjpAprProtocol init
INFO: Initializing Coyote AJP/1.3 on ajp-8009
Aug 14, 2011 11:46:12 PM org.apache.catalina.startup.Catalina load
INFO: Initialization processed in 1151 ms
Aug 14, 2011 11:46:12 PM org.apache.catalina.core.StandardService start
INFO: Starting service Catalina
Aug 14, 2011 11:46:12 PM org.apache.catalina.core.StandardEngine start
INFO: Starting Servlet Engine: Apache Tomcat/6.0.32
Aug 14, 2011 11:46:12 PM org.apache.catalina.startup.HostConfig deployDescriptor
INFO: Deploying configuration descriptor host-manager.xml
Aug 14, 2011 11:46:12 PM org.apache.catalina.startup.HostConfig deployDescriptor
INFO: Deploying configuration descriptor manager.xml
Aug 14, 2011 11:46:12 PM org.apache.catalina.startup.HostConfig deployWAR
INFO: Deploying web application archive sample.war
Aug 14, 2011 11:46:12 PM org.apache.catalina.startup.HostConfig deployDirectory
INFO: Deploying web application directory docs
Aug 14, 2011 11:46:12 PM org.apache.catalina.startup.HostConfig deployDirectory
INFO: Deploying web application directory dukeschoice
Aug 14, 2011 11:46:13 PM org.apache.catalina.startup.HostConfig deployDirectory
INFO: Deploying web application directory examples
Aug 14, 2011 11:46:13 PM org.apache.catalina.startup.HostConfig deployDirectory
INFO: Deploying web application directory ROOT
Aug 14, 2011 11:46:13 PM org.apache.coyote.http11.Http11AprProtocol start
INFO: Starting Coyote HTTP/1.1 on http-8080
Aug 14, 2011 11:46:13 PM org.apache.coyote.ajp.AjpAprProtocol start
INFO: Starting Coyote AJP/1.3 on ajp-8009
Aug 14, 2011 11:46:13 PM org.apache.catalina.startup.Catalina start
INFO: Server startup in 790 ms
