Aug 18, 2011 10:31:29 AM org.apache.coyote.http11.Http11AprProtocol pause
INFO: Pausing Coyote HTTP/1.1 on http-8080
Aug 18, 2011 10:31:29 AM org.apache.coyote.ajp.AjpAprProtocol pause
INFO: Pausing Coyote AJP/1.3 on ajp-8009
Aug 18, 2011 10:31:30 AM org.apache.catalina.core.StandardService stop
INFO: Stopping service Catalina
Aug 18, 2011 10:31:30 AM org.apache.coyote.http11.Http11AprProtocol destroy
INFO: Stopping Coyote HTTP/1.1 on http-8080
Aug 18, 2011 10:31:30 AM org.apache.coyote.ajp.AjpAprProtocol destroy
INFO: Stopping Coyote AJP/1.3 on ajp-8009
Aug 18, 2011 11:38:04 AM org.apache.catalina.core.AprLifecycleListener init
INFO: Loaded APR based Apache Tomcat Native library 1.1.20.
Aug 18, 2011 11:38:04 AM org.apache.catalina.core.AprLifecycleListener init
INFO: APR capabilities: IPv6 [true], sendfile [true], accept filters [false], random [true].
Aug 18, 2011 11:38:05 AM org.apache.coyote.http11.Http11AprProtocol init
INFO: Initializing Coyote HTTP/1.1 on http-8080
Aug 18, 2011 11:38:05 AM org.apache.coyote.ajp.AjpAprProtocol init
INFO: Initializing Coyote AJP/1.3 on ajp-8009
Aug 18, 2011 11:38:05 AM org.apache.catalina.startup.Catalina load
INFO: Initialization processed in 1449 ms
Aug 18, 2011 11:38:05 AM org.apache.catalina.core.StandardService start
INFO: Starting service Catalina
Aug 18, 2011 11:38:05 AM org.apache.catalina.core.StandardEngine start
INFO: Starting Servlet Engine: Apache Tomcat/6.0.32
Aug 18, 2011 11:38:05 AM org.apache.catalina.startup.HostConfig deployDescriptor
INFO: Deploying configuration descriptor host-manager.xml
Aug 18, 2011 11:38:05 AM org.apache.catalina.startup.HostConfig deployDescriptor
INFO: Deploying configuration descriptor manager.xml
Aug 18, 2011 11:38:06 AM org.apache.catalina.startup.HostConfig deployWAR
INFO: Deploying web application archive sample.war
Aug 18, 2011 11:38:06 AM org.apache.catalina.startup.HostConfig deployDirectory
INFO: Deploying web application directory docs
Aug 18, 2011 11:38:06 AM org.apache.catalina.startup.HostConfig deployDirectory
INFO: Deploying web application directory dukeschoice
Aug 18, 2011 11:38:06 AM org.apache.catalina.startup.HostConfig deployDirectory
INFO: Deploying web application directory examples
Aug 18, 2011 11:38:06 AM org.apache.catalina.startup.HostConfig deployDirectory
INFO: Deploying web application directory ROOT
Aug 18, 2011 11:38:06 AM org.apache.coyote.http11.Http11AprProtocol start
INFO: Starting Coyote HTTP/1.1 on http-8080
Aug 18, 2011 11:38:06 AM org.apache.coyote.ajp.AjpAprProtocol start
INFO: Starting Coyote AJP/1.3 on ajp-8009
Aug 18, 2011 11:38:06 AM org.apache.catalina.startup.Catalina start
INFO: Server startup in 980 ms
Aug 18, 2011 4:53:12 PM org.apache.coyote.http11.Http11AprProtocol pause
INFO: Pausing Coyote HTTP/1.1 on http-8080
Aug 18, 2011 4:53:12 PM org.apache.coyote.ajp.AjpAprProtocol pause
INFO: Pausing Coyote AJP/1.3 on ajp-8009
Aug 18, 2011 4:53:13 PM org.apache.catalina.core.StandardService stop
INFO: Stopping service Catalina
Aug 18, 2011 4:53:13 PM org.apache.coyote.http11.Http11AprProtocol destroy
INFO: Stopping Coyote HTTP/1.1 on http-8080
Aug 18, 2011 4:53:13 PM org.apache.coyote.ajp.AjpAprProtocol destroy
INFO: Stopping Coyote AJP/1.3 on ajp-8009
Aug 18, 2011 4:53:50 PM org.apache.catalina.core.AprLifecycleListener init
INFO: Loaded APR based Apache Tomcat Native library 1.1.20.
Aug 18, 2011 4:53:50 PM org.apache.catalina.core.AprLifecycleListener init
INFO: APR capabilities: IPv6 [true], sendfile [true], accept filters [false], random [true].
Aug 18, 2011 4:53:51 PM org.apache.coyote.http11.Http11AprProtocol init
INFO: Initializing Coyote HTTP/1.1 on http-8080
Aug 18, 2011 4:53:51 PM org.apache.coyote.ajp.AjpAprProtocol init
INFO: Initializing Coyote AJP/1.3 on ajp-8009
Aug 18, 2011 4:53:51 PM org.apache.catalina.startup.Catalina load
INFO: Initialization processed in 1210 ms
Aug 18, 2011 4:53:51 PM org.apache.catalina.core.StandardService start
INFO: Starting service Catalina
Aug 18, 2011 4:53:51 PM org.apache.catalina.core.StandardEngine start
INFO: Starting Servlet Engine: Apache Tomcat/6.0.32
Aug 18, 2011 4:53:51 PM org.apache.catalina.startup.HostConfig deployDescriptor
INFO: Deploying configuration descriptor host-manager.xml
Aug 18, 2011 4:53:51 PM org.apache.catalina.startup.HostConfig deployDescriptor
INFO: Deploying configuration descriptor manager.xml
Aug 18, 2011 4:53:51 PM org.apache.catalina.startup.HostConfig deployWAR
INFO: Deploying web application archive sample.war
Aug 18, 2011 4:53:51 PM org.apache.catalina.startup.HostConfig deployDirectory
INFO: Deploying web application directory docs
Aug 18, 2011 4:53:51 PM org.apache.catalina.startup.HostConfig deployDirectory
INFO: Deploying web application directory dukeschoice
Aug 18, 2011 4:53:51 PM org.apache.catalina.startup.HostConfig deployDirectory
INFO: Deploying web application directory examples
Aug 18, 2011 4:53:52 PM org.apache.catalina.startup.HostConfig deployDirectory
INFO: Deploying web application directory ROOT
Aug 18, 2011 4:53:52 PM org.apache.coyote.http11.Http11AprProtocol start
INFO: Starting Coyote HTTP/1.1 on http-8080
Aug 18, 2011 4:53:52 PM org.apache.coyote.ajp.AjpAprProtocol start
INFO: Starting Coyote AJP/1.3 on ajp-8009
Aug 18, 2011 4:53:52 PM org.apache.catalina.startup.Catalina start
INFO: Server startup in 863 ms
Aug 18, 2011 4:54:40 PM org.apache.coyote.http11.Http11AprProtocol pause
INFO: Pausing Coyote HTTP/1.1 on http-8080
Aug 18, 2011 4:54:40 PM org.apache.coyote.ajp.AjpAprProtocol pause
INFO: Pausing Coyote AJP/1.3 on ajp-8009
Aug 18, 2011 4:54:41 PM org.apache.catalina.core.StandardService stop
INFO: Stopping service Catalina
Aug 18, 2011 4:54:42 PM org.apache.coyote.http11.Http11AprProtocol destroy
INFO: Stopping Coyote HTTP/1.1 on http-8080
Aug 18, 2011 4:54:42 PM org.apache.coyote.ajp.AjpAprProtocol destroy
INFO: Stopping Coyote AJP/1.3 on ajp-8009
Aug 18, 2011 4:57:37 PM org.apache.catalina.core.AprLifecycleListener init
INFO: Loaded APR based Apache Tomcat Native library 1.1.20.
Aug 18, 2011 4:57:37 PM org.apache.catalina.core.AprLifecycleListener init
INFO: APR capabilities: IPv6 [true], sendfile [true], accept filters [false], random [true].
Aug 18, 2011 4:57:38 PM org.apache.coyote.http11.Http11AprProtocol init
INFO: Initializing Coyote HTTP/1.1 on http-8080
Aug 18, 2011 4:57:38 PM org.apache.coyote.ajp.AjpAprProtocol init
INFO: Initializing Coyote AJP/1.3 on ajp-8009
Aug 18, 2011 4:57:38 PM org.apache.catalina.startup.Catalina load
INFO: Initialization processed in 1005 ms
Aug 18, 2011 4:57:38 PM org.apache.catalina.core.StandardService start
INFO: Starting service Catalina
Aug 18, 2011 4:57:38 PM org.apache.catalina.core.StandardEngine start
INFO: Starting Servlet Engine: Apache Tomcat/6.0.32
Aug 18, 2011 4:57:38 PM org.apache.catalina.startup.HostConfig deployDescriptor
INFO: Deploying configuration descriptor host-manager.xml
Aug 18, 2011 4:57:38 PM org.apache.catalina.startup.HostConfig deployDescriptor
INFO: Deploying configuration descriptor manager.xml
Aug 18, 2011 4:57:38 PM org.apache.catalina.startup.HostConfig deployWAR
INFO: Deploying web application archive sample.war
Aug 18, 2011 4:57:38 PM org.apache.catalina.startup.HostConfig deployDirectory
INFO: Deploying web application directory docs
Aug 18, 2011 4:57:38 PM org.apache.catalina.startup.HostConfig deployDirectory
INFO: Deploying web application directory dukeschoice
Aug 18, 2011 4:57:39 PM org.apache.catalina.startup.HostConfig deployDirectory
INFO: Deploying web application directory examples
Aug 18, 2011 4:57:39 PM org.apache.catalina.startup.HostConfig deployDirectory
INFO: Deploying web application directory ROOT
Aug 18, 2011 4:57:39 PM org.apache.coyote.http11.Http11AprProtocol start
INFO: Starting Coyote HTTP/1.1 on http-8080
Aug 18, 2011 4:57:39 PM org.apache.coyote.ajp.AjpAprProtocol start
INFO: Starting Coyote AJP/1.3 on ajp-8009
Aug 18, 2011 4:57:39 PM org.apache.catalina.startup.Catalina start
INFO: Server startup in 734 ms
Aug 18, 2011 5:01:02 PM org.apache.coyote.http11.Http11AprProtocol pause
INFO: Pausing Coyote HTTP/1.1 on http-8080
Aug 18, 2011 5:01:02 PM org.apache.coyote.ajp.AjpAprProtocol pause
INFO: Pausing Coyote AJP/1.3 on ajp-8009
Aug 18, 2011 5:01:03 PM org.apache.catalina.core.StandardService stop
INFO: Stopping service Catalina
Aug 18, 2011 5:01:03 PM org.apache.coyote.http11.Http11AprProtocol destroy
INFO: Stopping Coyote HTTP/1.1 on http-8080
Aug 18, 2011 5:01:03 PM org.apache.coyote.ajp.AjpAprProtocol destroy
INFO: Stopping Coyote AJP/1.3 on ajp-8009
Aug 18, 2011 5:03:07 PM org.apache.catalina.core.AprLifecycleListener init
INFO: Loaded APR based Apache Tomcat Native library 1.1.20.
Aug 18, 2011 5:03:07 PM org.apache.catalina.core.AprLifecycleListener init
INFO: APR capabilities: IPv6 [true], sendfile [true], accept filters [false], random [true].
Aug 18, 2011 5:03:07 PM org.apache.coyote.http11.Http11AprProtocol init
INFO: Initializing Coyote HTTP/1.1 on http-8080
Aug 18, 2011 5:03:07 PM org.apache.coyote.ajp.AjpAprProtocol init
INFO: Initializing Coyote AJP/1.3 on ajp-8009
Aug 18, 2011 5:03:07 PM org.apache.catalina.startup.Catalina load
INFO: Initialization processed in 1011 ms
Aug 18, 2011 5:03:07 PM org.apache.catalina.core.StandardService start
INFO: Starting service Catalina
Aug 18, 2011 5:03:07 PM org.apache.catalina.core.StandardEngine start
INFO: Starting Servlet Engine: Apache Tomcat/6.0.32
Aug 18, 2011 5:03:07 PM org.apache.catalina.startup.HostConfig deployDescriptor
INFO: Deploying configuration descriptor host-manager.xml
Aug 18, 2011 5:03:08 PM org.apache.catalina.startup.HostConfig deployDescriptor
INFO: Deploying configuration descriptor manager.xml
Aug 18, 2011 5:03:08 PM org.apache.catalina.startup.HostConfig deployWAR
INFO: Deploying web application archive sample.war
Aug 18, 2011 5:03:08 PM org.apache.catalina.startup.HostConfig deployDirectory
INFO: Deploying web application directory docs
Aug 18, 2011 5:03:08 PM org.apache.catalina.startup.HostConfig deployDirectory
INFO: Deploying web application directory dukeschoice
Aug 18, 2011 5:03:08 PM org.apache.catalina.startup.HostConfig deployDirectory
INFO: Deploying web application directory examples
Aug 18, 2011 5:03:08 PM org.apache.catalina.startup.HostConfig deployDirectory
INFO: Deploying web application directory ROOT
Aug 18, 2011 5:03:08 PM org.apache.coyote.http11.Http11AprProtocol start
INFO: Starting Coyote HTTP/1.1 on http-8080
Aug 18, 2011 5:03:08 PM org.apache.coyote.ajp.AjpAprProtocol start
INFO: Starting Coyote AJP/1.3 on ajp-8009
Aug 18, 2011 5:03:08 PM org.apache.catalina.startup.Catalina start
INFO: Server startup in 726 ms
Aug 18, 2011 5:33:43 PM org.apache.coyote.http11.Http11AprProtocol pause
INFO: Pausing Coyote HTTP/1.1 on http-8080
Aug 18, 2011 5:33:43 PM org.apache.coyote.ajp.AjpAprProtocol pause
INFO: Pausing Coyote AJP/1.3 on ajp-8009
Aug 18, 2011 5:33:44 PM org.apache.catalina.core.StandardService stop
INFO: Stopping service Catalina
Aug 18, 2011 5:33:44 PM org.apache.coyote.http11.Http11AprProtocol destroy
INFO: Stopping Coyote HTTP/1.1 on http-8080
Aug 18, 2011 5:33:44 PM org.apache.coyote.ajp.AjpAprProtocol destroy
INFO: Stopping Coyote AJP/1.3 on ajp-8009
Aug 18, 2011 6:16:24 PM org.apache.catalina.core.AprLifecycleListener init
INFO: Loaded APR based Apache Tomcat Native library 1.1.20.
Aug 18, 2011 6:16:24 PM org.apache.catalina.core.AprLifecycleListener init
INFO: APR capabilities: IPv6 [true], sendfile [true], accept filters [false], random [true].
Aug 18, 2011 6:16:25 PM org.apache.coyote.http11.Http11AprProtocol init
INFO: Initializing Coyote HTTP/1.1 on http-8080
Aug 18, 2011 6:16:25 PM org.apache.coyote.ajp.AjpAprProtocol init
INFO: Initializing Coyote AJP/1.3 on ajp-8009
Aug 18, 2011 6:16:25 PM org.apache.catalina.startup.Catalina load
INFO: Initialization processed in 1057 ms
Aug 18, 2011 6:16:25 PM org.apache.catalina.core.StandardService start
INFO: Starting service Catalina
Aug 18, 2011 6:16:25 PM org.apache.catalina.core.StandardEngine start
INFO: Starting Servlet Engine: Apache Tomcat/6.0.32
Aug 18, 2011 6:16:25 PM org.apache.catalina.startup.HostConfig deployDescriptor
INFO: Deploying configuration descriptor host-manager.xml
Aug 18, 2011 6:16:26 PM org.apache.catalina.startup.HostConfig deployDescriptor
INFO: Deploying configuration descriptor manager.xml
Aug 18, 2011 6:16:26 PM org.apache.catalina.startup.HostConfig deployWAR
INFO: Deploying web application archive sample.war
Aug 18, 2011 6:16:26 PM org.apache.catalina.startup.HostConfig deployDirectory
INFO: Deploying web application directory docs
Aug 18, 2011 6:16:26 PM org.apache.catalina.startup.HostConfig deployDirectory
INFO: Deploying web application directory dukeschoice
Aug 18, 2011 6:16:26 PM org.apache.catalina.startup.HostConfig deployDirectory
INFO: Deploying web application directory examples
Aug 18, 2011 6:16:26 PM org.apache.catalina.startup.HostConfig deployDirectory
INFO: Deploying web application directory ROOT
Aug 18, 2011 6:16:26 PM org.apache.coyote.http11.Http11AprProtocol start
INFO: Starting Coyote HTTP/1.1 on http-8080
Aug 18, 2011 6:16:26 PM org.apache.coyote.ajp.AjpAprProtocol start
INFO: Starting Coyote AJP/1.3 on ajp-8009
Aug 18, 2011 6:16:26 PM org.apache.catalina.startup.Catalina start
INFO: Server startup in 739 ms
Aug 18, 2011 6:27:24 PM org.apache.coyote.http11.Http11AprProtocol pause
INFO: Pausing Coyote HTTP/1.1 on http-8080
Aug 18, 2011 6:27:24 PM org.apache.coyote.ajp.AjpAprProtocol pause
INFO: Pausing Coyote AJP/1.3 on ajp-8009
Aug 18, 2011 6:27:25 PM org.apache.catalina.core.StandardService stop
INFO: Stopping service Catalina
Aug 18, 2011 6:27:25 PM org.apache.coyote.http11.Http11AprProtocol destroy
INFO: Stopping Coyote HTTP/1.1 on http-8080
Aug 18, 2011 6:27:25 PM org.apache.coyote.ajp.AjpAprProtocol destroy
INFO: Stopping Coyote AJP/1.3 on ajp-8009
Aug 18, 2011 7:13:02 PM org.apache.catalina.core.AprLifecycleListener init
INFO: Loaded APR based Apache Tomcat Native library 1.1.20.
Aug 18, 2011 7:13:02 PM org.apache.catalina.core.AprLifecycleListener init
INFO: APR capabilities: IPv6 [true], sendfile [true], accept filters [false], random [true].
Aug 18, 2011 7:13:03 PM org.apache.coyote.http11.Http11AprProtocol init
INFO: Initializing Coyote HTTP/1.1 on http-8080
Aug 18, 2011 7:13:03 PM org.apache.coyote.ajp.AjpAprProtocol init
INFO: Initializing Coyote AJP/1.3 on ajp-8009
Aug 18, 2011 7:13:03 PM org.apache.catalina.startup.Catalina load
INFO: Initialization processed in 1057 ms
Aug 18, 2011 7:13:03 PM org.apache.catalina.core.StandardService start
INFO: Starting service Catalina
Aug 18, 2011 7:13:03 PM org.apache.catalina.core.StandardEngine start
INFO: Starting Servlet Engine: Apache Tomcat/6.0.32
Aug 18, 2011 7:13:03 PM org.apache.catalina.startup.HostConfig deployDescriptor
INFO: Deploying configuration descriptor host-manager.xml
Aug 18, 2011 7:13:03 PM org.apache.catalina.startup.HostConfig deployDescriptor
INFO: Deploying configuration descriptor manager.xml
Aug 18, 2011 7:13:03 PM org.apache.catalina.startup.HostConfig deployWAR
INFO: Deploying web application archive sample.war
Aug 18, 2011 7:13:04 PM org.apache.catalina.startup.HostConfig deployDirectory
INFO: Deploying web application directory docs
Aug 18, 2011 7:13:04 PM org.apache.catalina.startup.HostConfig deployDirectory
INFO: Deploying web application directory dukeschoice
Aug 18, 2011 7:13:04 PM org.apache.catalina.startup.HostConfig deployDirectory
INFO: Deploying web application directory examples
Aug 18, 2011 7:13:04 PM org.apache.catalina.startup.HostConfig deployDirectory
INFO: Deploying web application directory ROOT
Aug 18, 2011 7:13:04 PM org.apache.coyote.http11.Http11AprProtocol start
INFO: Starting Coyote HTTP/1.1 on http-8080
Aug 18, 2011 7:13:04 PM org.apache.coyote.ajp.AjpAprProtocol start
INFO: Starting Coyote AJP/1.3 on ajp-8009
Aug 18, 2011 7:13:04 PM org.apache.catalina.startup.Catalina start
INFO: Server startup in 736 ms
Aug 18, 2011 9:47:13 PM org.apache.coyote.http11.Http11AprProtocol pause
INFO: Pausing Coyote HTTP/1.1 on http-8080
Aug 18, 2011 9:47:13 PM org.apache.coyote.ajp.AjpAprProtocol pause
INFO: Pausing Coyote AJP/1.3 on ajp-8009
Aug 18, 2011 9:47:14 PM org.apache.catalina.core.StandardService stop
INFO: Stopping service Catalina
Aug 18, 2011 9:47:14 PM org.apache.coyote.http11.Http11AprProtocol destroy
INFO: Stopping Coyote HTTP/1.1 on http-8080
Aug 18, 2011 9:47:14 PM org.apache.coyote.ajp.AjpAprProtocol destroy
INFO: Stopping Coyote AJP/1.3 on ajp-8009
Aug 18, 2011 9:57:08 PM org.apache.catalina.core.AprLifecycleListener init
INFO: Loaded APR based Apache Tomcat Native library 1.1.20.
Aug 18, 2011 9:57:08 PM org.apache.catalina.core.AprLifecycleListener init
INFO: APR capabilities: IPv6 [true], sendfile [true], accept filters [false], random [true].
Aug 18, 2011 9:57:08 PM org.apache.coyote.http11.Http11AprProtocol init
INFO: Initializing Coyote HTTP/1.1 on http-8080
Aug 18, 2011 9:57:08 PM org.apache.coyote.ajp.AjpAprProtocol init
INFO: Initializing Coyote AJP/1.3 on ajp-8009
Aug 18, 2011 9:57:08 PM org.apache.catalina.startup.Catalina load
INFO: Initialization processed in 1048 ms
Aug 18, 2011 9:57:08 PM org.apache.catalina.core.StandardService start
INFO: Starting service Catalina
Aug 18, 2011 9:57:08 PM org.apache.catalina.core.StandardEngine start
INFO: Starting Servlet Engine: Apache Tomcat/6.0.32
Aug 18, 2011 9:57:08 PM org.apache.catalina.startup.HostConfig deployDescriptor
INFO: Deploying configuration descriptor host-manager.xml
Aug 18, 2011 9:57:09 PM org.apache.catalina.startup.HostConfig deployDescriptor
INFO: Deploying configuration descriptor manager.xml
Aug 18, 2011 9:57:09 PM org.apache.catalina.startup.HostConfig deployWAR
INFO: Deploying web application archive sample.war
Aug 18, 2011 9:57:09 PM org.apache.catalina.startup.HostConfig deployDirectory
INFO: Deploying web application directory docs
Aug 18, 2011 9:57:09 PM org.apache.catalina.startup.HostConfig deployDirectory
INFO: Deploying web application directory dukeschoice
Aug 18, 2011 9:57:09 PM org.apache.catalina.startup.HostConfig deployDirectory
INFO: Deploying web application directory examples
Aug 18, 2011 9:57:09 PM org.apache.catalina.startup.HostConfig deployDirectory
INFO: Deploying web application directory ROOT
Aug 18, 2011 9:57:09 PM org.apache.coyote.http11.Http11AprProtocol start
INFO: Starting Coyote HTTP/1.1 on http-8080
Aug 18, 2011 9:57:09 PM org.apache.coyote.ajp.AjpAprProtocol start
INFO: Starting Coyote AJP/1.3 on ajp-8009
Aug 18, 2011 9:57:09 PM org.apache.catalina.startup.Catalina start
INFO: Server startup in 721 ms
Aug 18, 2011 9:59:21 PM org.apache.coyote.http11.Http11AprProtocol pause
INFO: Pausing Coyote HTTP/1.1 on http-8080
Aug 18, 2011 9:59:21 PM org.apache.coyote.ajp.AjpAprProtocol pause
INFO: Pausing Coyote AJP/1.3 on ajp-8009
Aug 18, 2011 9:59:22 PM org.apache.catalina.core.StandardService stop
INFO: Stopping service Catalina
Aug 18, 2011 9:59:23 PM org.apache.coyote.http11.Http11AprProtocol destroy
INFO: Stopping Coyote HTTP/1.1 on http-8080
Aug 18, 2011 9:59:23 PM org.apache.coyote.ajp.AjpAprProtocol destroy
INFO: Stopping Coyote AJP/1.3 on ajp-8009
Aug 18, 2011 10:01:50 PM org.apache.catalina.core.AprLifecycleListener init
INFO: Loaded APR based Apache Tomcat Native library 1.1.20.
Aug 18, 2011 10:01:50 PM org.apache.catalina.core.AprLifecycleListener init
INFO: APR capabilities: IPv6 [true], sendfile [true], accept filters [false], random [true].
Aug 18, 2011 10:01:51 PM org.apache.coyote.http11.Http11AprProtocol init
INFO: Initializing Coyote HTTP/1.1 on http-8080
Aug 18, 2011 10:01:51 PM org.apache.coyote.ajp.AjpAprProtocol init
INFO: Initializing Coyote AJP/1.3 on ajp-8009
Aug 18, 2011 10:01:51 PM org.apache.catalina.startup.Catalina load
INFO: Initialization processed in 991 ms
Aug 18, 2011 10:01:51 PM org.apache.catalina.core.StandardService start
INFO: Starting service Catalina
Aug 18, 2011 10:01:51 PM org.apache.catalina.core.StandardEngine start
INFO: Starting Servlet Engine: Apache Tomcat/6.0.32
Aug 18, 2011 10:01:51 PM org.apache.catalina.startup.HostConfig deployDescriptor
INFO: Deploying configuration descriptor host-manager.xml
Aug 18, 2011 10:01:51 PM org.apache.catalina.startup.HostConfig deployDescriptor
INFO: Deploying configuration descriptor manager.xml
Aug 18, 2011 10:01:51 PM org.apache.catalina.startup.HostConfig deployWAR
INFO: Deploying web application archive sample.war
Aug 18, 2011 10:01:51 PM org.apache.catalina.startup.HostConfig deployDirectory
INFO: Deploying web application directory docs
Aug 18, 2011 10:01:51 PM org.apache.catalina.startup.HostConfig deployDirectory
INFO: Deploying web application directory dukeschoice
Aug 18, 2011 10:01:51 PM org.apache.catalina.startup.HostConfig deployDirectory
INFO: Deploying web application directory examples
Aug 18, 2011 10:01:52 PM org.apache.catalina.startup.HostConfig deployDirectory
INFO: Deploying web application directory ROOT
Aug 18, 2011 10:01:52 PM org.apache.coyote.http11.Http11AprProtocol start
INFO: Starting Coyote HTTP/1.1 on http-8080
Aug 18, 2011 10:01:52 PM org.apache.coyote.ajp.AjpAprProtocol start
INFO: Starting Coyote AJP/1.3 on ajp-8009
Aug 18, 2011 10:01:52 PM org.apache.catalina.startup.Catalina start
INFO: Server startup in 735 ms
Aug 18, 2011 10:13:54 PM org.apache.coyote.http11.Http11AprProtocol pause
INFO: Pausing Coyote HTTP/1.1 on http-8080
Aug 18, 2011 10:13:54 PM org.apache.coyote.ajp.AjpAprProtocol pause
INFO: Pausing Coyote AJP/1.3 on ajp-8009
Aug 18, 2011 10:13:55 PM org.apache.catalina.core.StandardService stop
INFO: Stopping service Catalina
Aug 18, 2011 10:13:55 PM org.apache.coyote.http11.Http11AprProtocol destroy
INFO: Stopping Coyote HTTP/1.1 on http-8080
Aug 18, 2011 10:13:55 PM org.apache.coyote.ajp.AjpAprProtocol destroy
INFO: Stopping Coyote AJP/1.3 on ajp-8009
Aug 18, 2011 10:14:30 PM org.apache.catalina.core.AprLifecycleListener init
INFO: Loaded APR based Apache Tomcat Native library 1.1.20.
Aug 18, 2011 10:14:30 PM org.apache.catalina.core.AprLifecycleListener init
INFO: APR capabilities: IPv6 [true], sendfile [true], accept filters [false], random [true].
Aug 18, 2011 10:14:31 PM org.apache.coyote.http11.Http11AprProtocol init
INFO: Initializing Coyote HTTP/1.1 on http-8080
Aug 18, 2011 10:14:31 PM org.apache.coyote.ajp.AjpAprProtocol init
INFO: Initializing Coyote AJP/1.3 on ajp-8009
Aug 18, 2011 10:14:31 PM org.apache.catalina.startup.Catalina load
INFO: Initialization processed in 1101 ms
Aug 18, 2011 10:14:31 PM org.apache.catalina.core.StandardService start
INFO: Starting service Catalina
Aug 18, 2011 10:14:31 PM org.apache.catalina.core.StandardEngine start
INFO: Starting Servlet Engine: Apache Tomcat/6.0.32
Aug 18, 2011 10:14:31 PM org.apache.catalina.startup.HostConfig deployDescriptor
INFO: Deploying configuration descriptor host-manager.xml
Aug 18, 2011 10:14:32 PM org.apache.catalina.startup.HostConfig deployDescriptor
INFO: Deploying configuration descriptor manager.xml
Aug 18, 2011 10:14:32 PM org.apache.catalina.startup.HostConfig deployWAR
INFO: Deploying web application archive sample.war
Aug 18, 2011 10:14:32 PM org.apache.catalina.startup.HostConfig deployDirectory
INFO: Deploying web application directory docs
Aug 18, 2011 10:14:32 PM org.apache.catalina.startup.HostConfig deployDirectory
INFO: Deploying web application directory dukeschoice
Aug 18, 2011 10:14:32 PM org.apache.catalina.startup.HostConfig deployDirectory
INFO: Deploying web application directory examples
Aug 18, 2011 10:14:32 PM org.apache.catalina.startup.HostConfig deployDirectory
INFO: Deploying web application directory ROOT
Aug 18, 2011 10:14:32 PM org.apache.coyote.http11.Http11AprProtocol start
INFO: Starting Coyote HTTP/1.1 on http-8080
Aug 18, 2011 10:14:32 PM org.apache.coyote.ajp.AjpAprProtocol start
INFO: Starting Coyote AJP/1.3 on ajp-8009
Aug 18, 2011 10:14:32 PM org.apache.catalina.startup.Catalina start
INFO: Server startup in 956 ms
